{"/Users/javillinares/Documents/Antigravity/Sóc de Poble/src/supabaseClient.js": {"path":"/Users/javillinares/Documents/Antigravity/Sóc de Poble/src/supabaseClient.js","statementMap":{"0":{"start":{"line":3,"column":20},"end":{"line":3,"column":53}},"1":{"start":{"line":4,"column":24},"end":{"line":4,"column":62}},"2":{"start":{"line":6,"column":24},"end":{"line":6,"column":67}},"3":{"start":{"line":8,"column":24},"end":{"line":8,"column":40}}},"fnMap":{},"branchMap":{},"s":{"0":1,"1":1,"2":1,"3":1},"f":{},"b":{},"meta":{"lastBranch":0,"lastFunction":0,"lastStatement":4,"seen":{"s:3:20:3:53":0,"s:4:24:4:62":1,"s:6:24:6:67":2,"s:8:24:8:40":3}}}
,"/Users/javillinares/Documents/Antigravity/Sóc de Poble/src/app/config/agentsMap.js": {"path":"/Users/javillinares/Documents/Antigravity/Sóc de Poble/src/app/config/agentsMap.js","statementMap":{"0":{"start":{"line":1,"column":26},"end":{"line":393,"column":1}},"1":{"start":{"line":396,"column":22},"end":{"line":411,"column":5}},"2":{"start":{"line":397,"column":19},"end":{"line":397,"column":42}},"3":{"start":{"line":398,"column":17},"end":{"line":411,"column":3}},"4":{"start":{"line":414,"column":35},"end":{"line":417,"column":1}},"5":{"start":{"line":415,"column":18},"end":{"line":415,"column":68}},"6":{"start":{"line":415,"column":54},"end":{"line":415,"column":67}},"7":{"start":{"line":416,"column":4},"end":{"line":416,"column":null}}},"fnMap":{"0":{"name":"(anonymous_0)","decl":{"start":{"line":397,"column":10},"end":{"line":397,"column":15}},"loc":{"start":{"line":397,"column":19},"end":{"line":397,"column":42}},"line":397},"1":{"name":"(anonymous_1)","decl":{"start":{"line":398,"column":7},"end":{"line":398,"column":12}},"loc":{"start":{"line":398,"column":17},"end":{"line":411,"column":3}},"line":398},"2":{"name":"(anonymous_2)","decl":{"start":{"line":414,"column":35},"end":{"line":414,"column":36}},"loc":{"start":{"line":414,"column":45},"end":{"line":417,"column":1}},"line":414},"3":{"name":"(anonymous_3)","decl":{"start":{"line":415,"column":49},"end":{"line":415,"column":50}},"loc":{"start":{"line":415,"column":54},"end":{"line":415,"column":67}},"line":415}},"branchMap":{"0":{"loc":{"start":{"line":416,"column":11},"end":{"line":416,"column":44}},"type":"cond-expr","locations":[{"start":{"line":416,"column":19},"end":{"line":416,"column":35}},{"start":{"line":416,"column":38},"end":{"line":416,"column":44}}],"line":416}},"s":{"0":2,"1":2,"2":34,"3":34,"4":2,"5":0,"6":0,"7":0},"f":{"0":34,"1":34,"2":0,"3":0},"b":{"0":[0,0]},"meta":{"lastBranch":1,"lastFunction":4,"lastStatement":8,"seen":{"s:1:26:393:1":0,"s:396:22:411:5":1,"f:397:10:397:15":0,"s:397:19:397:42":2,"f:398:7:398:12":1,"s:398:17:411:3":3,"s:414:35:417:1":4,"f:414:35:414:36":2,"s:415:18:415:68":5,"f:415:49:415:50":3,"s:415:54:415:67":6,"s:416:4:416:Infinity":7,"b:416:19:416:35:416:38:416:44":0}}}
,"/Users/javillinares/Documents/Antigravity/Sóc de Poble/src/components/ui/Avatar.jsx": {"path":"/Users/javillinares/Documents/Antigravity/Sóc de Poble/src/components/ui/Avatar.jsx","statementMap":{"0":{"start":{"line":6,"column":20},"end":{"line":9,"column":null}},"1":{"start":{"line":7,"column":26},"end":{"line":7,"column":null}},"2":{"start":{"line":8,"column":4},"end":{"line":8,"column":null}},"3":{"start":{"line":11,"column":26},"end":{"line":18,"column":null}},"4":{"start":{"line":12,"column":4},"end":{"line":17,"column":null}},"5":{"start":{"line":13,"column":29},"end":{"line":13,"column":null}},"6":{"start":{"line":14,"column":29},"end":{"line":14,"column":null}},"7":{"start":{"line":15,"column":27},"end":{"line":15,"column":null}},"8":{"start":{"line":16,"column":17},"end":{"line":16,"column":null}},"9":{"start":{"line":20,"column":23},"end":{"line":27,"column":null}},"10":{"start":{"line":21,"column":4},"end":{"line":26,"column":null}},"11":{"start":{"line":22,"column":29},"end":{"line":22,"column":null}},"12":{"start":{"line":23,"column":29},"end":{"line":23,"column":null}},"13":{"start":{"line":25,"column":17},"end":{"line":25,"column":null}},"14":{"start":{"line":29,"column":31},"end":{"line":39,"column":null}},"15":{"start":{"line":30,"column":4},"end":{"line":38,"column":null}},"16":{"start":{"line":31,"column":29},"end":{"line":31,"column":null}},"17":{"start":{"line":33,"column":29},"end":{"line":33,"column":null}},"18":{"start":{"line":34,"column":27},"end":{"line":34,"column":null}},"19":{"start":{"line":35,"column":27},"end":{"line":35,"column":null}},"20":{"start":{"line":36,"column":21},"end":{"line":36,"column":null}},"21":{"start":{"line":37,"column":17},"end":{"line":37,"column":null}},"22":{"start":{"line":41,"column":15},"end":{"line":167,"column":null}},"23":{"start":{"line":42,"column":36},"end":{"line":42,"column":null}},"24":{"start":{"line":45,"column":24},"end":{"line":51,"column":null}},"25":{"start":{"line":53,"column":18},"end":{"line":66,"column":null}},"26":{"start":{"line":68,"column":26},"end":{"line":68,"column":null}},"27":{"start":{"line":69,"column":28},"end":{"line":69,"column":null}},"28":{"start":{"line":72,"column":4},"end":{"line":74,"column":null}},"29":{"start":{"line":73,"column":8},"end":{"line":73,"column":null}},"30":{"start":{"line":77,"column":4},"end":{"line":79,"column":null}},"31":{"start":{"line":78,"column":8},"end":{"line":78,"column":null}},"32":{"start":{"line":81,"column":8},"end":{"line":81,"column":null}},"33":{"start":{"line":85,"column":44},"end":{"line":85,"column":null}},"34":{"start":{"line":87,"column":4},"end":{"line":103,"column":null}},"35":{"start":{"line":88,"column":8},"end":{"line":88,"column":null}},"36":{"start":{"line":89,"column":8},"end":{"line":89,"column":null}},"37":{"start":{"line":91,"column":8},"end":{"line":94,"column":null}},"38":{"start":{"line":92,"column":12},"end":{"line":92,"column":null}},"39":{"start":{"line":93,"column":12},"end":{"line":93,"column":null}},"40":{"start":{"line":96,"column":20},"end":{"line":96,"column":null}},"41":{"start":{"line":97,"column":8},"end":{"line":97,"column":null}},"42":{"start":{"line":98,"column":8},"end":{"line":98,"column":null}},"43":{"start":{"line":98,"column":27},"end":{"line":98,"column":null}},"44":{"start":{"line":99,"column":8},"end":{"line":102,"column":null}},"45":{"start":{"line":100,"column":12},"end":{"line":100,"column":null}},"46":{"start":{"line":101,"column":12},"end":{"line":101,"column":null}},"47":{"start":{"line":107,"column":19},"end":{"line":107,"column":null}},"48":{"start":{"line":108,"column":28},"end":{"line":108,"column":null}},"49":{"start":{"line":110,"column":4},"end":{"line":116,"column":null}},"50":{"start":{"line":111,"column":8},"end":{"line":114,"column":null}},"51":{"start":{"line":118,"column":20},"end":{"line":118,"column":null}},"52":{"start":{"line":120,"column":4},"end":{"line":126,"column":null}},"53":{"start":{"line":121,"column":8},"end":{"line":124,"column":null}},"54":{"start":{"line":128,"column":4},"end":{"line":139,"column":null}},"55":{"start":{"line":129,"column":8},"end":{"line":137,"column":null}},"56":{"start":{"line":135,"column":35},"end":{"line":135,"column":null}},"57":{"start":{"line":141,"column":4},"end":{"line":147,"column":null}},"58":{"start":{"line":142,"column":8},"end":{"line":145,"column":null}},"59":{"start":{"line":149,"column":24},"end":{"line":156,"column":null}},"60":{"start":{"line":150,"column":8},"end":{"line":150,"column":null}},"61":{"start":{"line":150,"column":19},"end":{"line":150,"column":null}},"62":{"start":{"line":151,"column":8},"end":{"line":151,"column":null}},"63":{"start":{"line":151,"column":57},"end":{"line":151,"column":null}},"64":{"start":{"line":152,"column":8},"end":{"line":152,"column":null}},"65":{"start":{"line":152,"column":57},"end":{"line":152,"column":null}},"66":{"start":{"line":153,"column":22},"end":{"line":153,"column":null}},"67":{"start":{"line":153,"column":50},"end":{"line":153,"column":62}},"68":{"start":{"line":154,"column":8},"end":{"line":154,"column":null}},"69":{"start":{"line":154,"column":31},"end":{"line":154,"column":null}},"70":{"start":{"line":155,"column":8},"end":{"line":155,"column":null}},"71":{"start":{"line":158,"column":4},"end":{"line":165,"column":null}}},"fnMap":{"0":{"name":"(anonymous_0)","decl":{"start":{"line":6,"column":20},"end":{"line":6,"column":21}},"loc":{"start":{"line":6,"column":47},"end":{"line":9,"column":null}},"line":6},"1":{"name":"(anonymous_1)","decl":{"start":{"line":11,"column":26},"end":{"line":11,"column":27}},"loc":{"start":{"line":11,"column":36},"end":{"line":18,"column":null}},"line":11},"2":{"name":"(anonymous_2)","decl":{"start":{"line":20,"column":23},"end":{"line":20,"column":24}},"loc":{"start":{"line":20,"column":33},"end":{"line":27,"column":null}},"line":20},"3":{"name":"(anonymous_3)","decl":{"start":{"line":29,"column":31},"end":{"line":29,"column":32}},"loc":{"start":{"line":29,"column":41},"end":{"line":39,"column":null}},"line":29},"4":{"name":"(anonymous_4)","decl":{"start":{"line":41,"column":15},"end":{"line":41,"column":16}},"loc":{"start":{"line":41,"column":67},"end":{"line":167,"column":null}},"line":41},"5":{"name":"(anonymous_5)","decl":{"start":{"line":87,"column":20},"end":{"line":87,"column":26}},"loc":{"start":{"line":87,"column":26},"end":{"line":103,"column":7}},"line":87},"6":{"name":"(anonymous_6)","decl":{"start":{"line":98,"column":21},"end":{"line":98,"column":27}},"loc":{"start":{"line":98,"column":27},"end":{"line":98,"column":null}},"line":98},"7":{"name":"(anonymous_7)","decl":{"start":{"line":99,"column":22},"end":{"line":99,"column":28}},"loc":{"start":{"line":99,"column":28},"end":{"line":102,"column":null}},"line":99},"8":{"name":"(anonymous_8)","decl":{"start":{"line":135,"column":29},"end":{"line":135,"column":35}},"loc":{"start":{"line":135,"column":35},"end":{"line":135,"column":null}},"line":135},"9":{"name":"(anonymous_9)","decl":{"start":{"line":149,"column":24},"end":{"line":149,"column":25}},"loc":{"start":{"line":149,"column":34},"end":{"line":156,"column":null}},"line":149},"10":{"name":"(anonymous_10)","decl":{"start":{"line":153,"column":45},"end":{"line":153,"column":50}},"loc":{"start":{"line":153,"column":50},"end":{"line":153,"column":62}},"line":153}},"branchMap":{"0":{"loc":{"start":{"line":7,"column":26},"end":{"line":7,"column":null}},"type":"binary-expr","locations":[{"start":{"line":7,"column":26},"end":{"line":7,"column":47}},{"start":{"line":7,"column":47},"end":{"line":7,"column":null}}],"line":7},"1":{"loc":{"start":{"line":12,"column":4},"end":{"line":17,"column":null}},"type":"switch","locations":[{"start":{"line":13,"column":8},"end":{"line":13,"column":null}},{"start":{"line":14,"column":8},"end":{"line":14,"column":null}},{"start":{"line":15,"column":8},"end":{"line":15,"column":null}},{"start":{"line":16,"column":8},"end":{"line":16,"column":null}}],"line":12},"2":{"loc":{"start":{"line":21,"column":4},"end":{"line":26,"column":null}},"type":"switch","locations":[{"start":{"line":22,"column":8},"end":{"line":22,"column":null}},{"start":{"line":23,"column":8},"end":{"line":23,"column":null}},{"start":{"line":24,"column":8},"end":{"line":24,"column":null}},{"start":{"line":25,"column":8},"end":{"line":25,"column":null}}],"line":21},"3":{"loc":{"start":{"line":30,"column":4},"end":{"line":38,"column":null}},"type":"switch","locations":[{"start":{"line":31,"column":8},"end":{"line":31,"column":null}},{"start":{"line":33,"column":8},"end":{"line":33,"column":null}},{"start":{"line":34,"column":8},"end":{"line":34,"column":null}},{"start":{"line":35,"column":8},"end":{"line":35,"column":null}},{"start":{"line":36,"column":8},"end":{"line":36,"column":null}},{"start":{"line":37,"column":8},"end":{"line":37,"column":null}}],"line":30},"4":{"loc":{"start":{"line":41,"column":35},"end":{"line":41,"column":46}},"type":"default-arg","locations":[{"start":{"line":41,"column":42},"end":{"line":41,"column":46}}],"line":41},"5":{"loc":{"start":{"line":41,"column":46},"end":{"line":41,"column":61}},"type":"default-arg","locations":[{"start":{"line":41,"column":58},"end":{"line":41,"column":61}}],"line":41},"6":{"loc":{"start":{"line":45,"column":24},"end":{"line":51,"column":null}},"type":"cond-expr","locations":[{"start":{"line":45,"column":51},"end":{"line":45,"column":58}},{"start":{"line":45,"column":58},"end":{"line":51,"column":null}}],"line":45},"7":{"loc":{"start":{"line":45,"column":58},"end":{"line":51,"column":null}},"type":"binary-expr","locations":[{"start":{"line":45,"column":58},"end":{"line":51,"column":15}},{"start":{"line":51,"column":15},"end":{"line":51,"column":null}}],"line":45},"8":{"loc":{"start":{"line":69,"column":28},"end":{"line":69,"column":null}},"type":"cond-expr","locations":[{"start":{"line":69,"column":86},"end":{"line":69,"column":98}},{"start":{"line":69,"column":98},"end":{"line":69,"column":null}}],"line":69},"9":{"loc":{"start":{"line":69,"column":28},"end":{"line":69,"column":86}},"type":"binary-expr","locations":[{"start":{"line":69,"column":28},"end":{"line":69,"column":35}},{"start":{"line":69,"column":35},"end":{"line":69,"column":62}},{"start":{"line":69,"column":62},"end":{"line":69,"column":86}}],"line":69},"10":{"loc":{"start":{"line":72,"column":4},"end":{"line":74,"column":null}},"type":"if","locations":[{"start":{"line":72,"column":4},"end":{"line":74,"column":null}},{"start":{},"end":{}}],"line":72},"11":{"loc":{"start":{"line":72,"column":8},"end":{"line":72,"column":76}},"type":"binary-expr","locations":[{"start":{"line":72,"column":8},"end":{"line":72,"column":28}},{"start":{"line":72,"column":28},"end":{"line":72,"column":76}}],"line":72},"12":{"loc":{"start":{"line":77,"column":4},"end":{"line":79,"column":null}},"type":"if","locations":[{"start":{"line":77,"column":4},"end":{"line":79,"column":null}},{"start":{},"end":{}}],"line":77},"13":{"loc":{"start":{"line":77,"column":8},"end":{"line":77,"column":110}},"type":"binary-expr","locations":[{"start":{"line":77,"column":8},"end":{"line":77,"column":17}},{"start":{"line":77,"column":17},"end":{"line":77,"column":64}},{"start":{"line":77,"column":64},"end":{"line":77,"column":110}}],"line":77},"14":{"loc":{"start":{"line":91,"column":8},"end":{"line":94,"column":null}},"type":"if","locations":[{"start":{"line":91,"column":8},"end":{"line":94,"column":null}},{"start":{},"end":{}}],"line":91},"15":{"loc":{"start":{"line":107,"column":19},"end":{"line":107,"column":null}},"type":"binary-expr","locations":[{"start":{"line":107,"column":19},"end":{"line":107,"column":27}},{"start":{"line":107,"column":27},"end":{"line":107,"column":56}},{"start":{"line":107,"column":56},"end":{"line":107,"column":null}}],"line":107},"16":{"loc":{"start":{"line":108,"column":28},"end":{"line":108,"column":null}},"type":"cond-expr","locations":[{"start":{"line":108,"column":37},"end":{"line":108,"column":87}},{"start":{"line":108,"column":87},"end":{"line":108,"column":null}}],"line":108},"17":{"loc":{"start":{"line":110,"column":4},"end":{"line":116,"column":null}},"type":"if","locations":[{"start":{"line":110,"column":4},"end":{"line":116,"column":null}},{"start":{},"end":{}}],"line":110},"18":{"loc":{"start":{"line":118,"column":20},"end":{"line":118,"column":null}},"type":"binary-expr","locations":[{"start":{"line":118,"column":20},"end":{"line":118,"column":27}},{"start":{"line":118,"column":27},"end":{"line":118,"column":46}},{"start":{"line":118,"column":46},"end":{"line":118,"column":null}}],"line":118},"19":{"loc":{"start":{"line":120,"column":4},"end":{"line":126,"column":null}},"type":"if","locations":[{"start":{"line":120,"column":4},"end":{"line":126,"column":null}},{"start":{},"end":{}}],"line":120},"20":{"loc":{"start":{"line":128,"column":4},"end":{"line":139,"column":null}},"type":"if","locations":[{"start":{"line":128,"column":4},"end":{"line":139,"column":null}},{"start":{},"end":{}}],"line":128},"21":{"loc":{"start":{"line":128,"column":4},"end":{"line":128,"column":72}},"type":"binary-expr","locations":[{"start":{"line":128,"column":9},"end":{"line":128,"column":26}},{"start":{"line":128,"column":26},"end":{"line":128,"column":44}},{"start":{"line":128,"column":44},"end":{"line":128,"column":57}},{"start":{"line":128,"column":57},"end":{"line":128,"column":72}}],"line":128},"22":{"loc":{"start":{"line":132,"column":26},"end":{"line":132,"column":null}},"type":"binary-expr","locations":[{"start":{"line":132,"column":26},"end":{"line":132,"column":43}},{"start":{"line":132,"column":43},"end":{"line":132,"column":61}},{"start":{"line":132,"column":61},"end":{"line":132,"column":null}}],"line":132},"23":{"loc":{"start":{"line":133,"column":25},"end":{"line":133,"column":null}},"type":"cond-expr","locations":[{"start":{"line":133,"column":32},"end":{"line":133,"column":54}},{"start":{"line":133,"column":54},"end":{"line":133,"column":null}}],"line":133},"24":{"loc":{"start":{"line":141,"column":4},"end":{"line":147,"column":null}},"type":"if","locations":[{"start":{"line":141,"column":4},"end":{"line":147,"column":null}},{"start":{},"end":{}}],"line":141},"25":{"loc":{"start":{"line":150,"column":8},"end":{"line":150,"column":null}},"type":"if","locations":[{"start":{"line":150,"column":8},"end":{"line":150,"column":null}},{"start":{},"end":{}}],"line":150},"26":{"loc":{"start":{"line":151,"column":8},"end":{"line":151,"column":null}},"type":"if","locations":[{"start":{"line":151,"column":8},"end":{"line":151,"column":null}},{"start":{},"end":{}}],"line":151},"27":{"loc":{"start":{"line":152,"column":8},"end":{"line":152,"column":null}},"type":"if","locations":[{"start":{"line":152,"column":8},"end":{"line":152,"column":null}},{"start":{},"end":{}}],"line":152},"28":{"loc":{"start":{"line":154,"column":8},"end":{"line":154,"column":null}},"type":"if","locations":[{"start":{"line":154,"column":8},"end":{"line":154,"column":null}},{"start":{},"end":{}}],"line":154},"29":{"loc":{"start":{"line":160,"column":13},"end":{"line":163,"column":null}},"type":"cond-expr","locations":[{"start":{"line":161,"column":16},"end":{"line":161,"column":null}},{"start":{"line":163,"column":16},"end":{"line":163,"column":null}}],"line":160}},"s":{"0":1,"1":0,"2":0,"3":1,"4":0,"5":0,"6":0,"7":0,"8":0,"9":1,"10":2,"11":0,"12":0,"13":2,"14":1,"15":2,"16":0,"17":0,"18":0,"19":0,"20":0,"21":2,"22":1,"23":2,"24":2,"25":2,"26":2,"27":2,"28":2,"29":0,"30":2,"31":2,"32":2,"33":2,"34":2,"35":2,"36":2,"37":2,"38":0,"39":0,"40":2,"41":2,"42":2,"43":0,"44":2,"45":0,"46":0,"47":2,"48":2,"49":2,"50":0,"51":2,"52":2,"53":0,"54":2,"55":0,"56":0,"57":2,"58":2,"59":0,"60":0,"61":0,"62":0,"63":0,"64":0,"65":0,"66":0,"67":0,"68":0,"69":0,"70":0,"71":0},"f":{"0":0,"1":0,"2":2,"3":2,"4":2,"5":2,"6":0,"7":0,"8":0,"9":0,"10":0},"b":{"0":[0,0],"1":[0,0,0,0],"2":[0,0,0,2],"3":[0,0,0,0,0,2],"4":[2],"5":[2],"6":[0,2],"7":[2,0],"8":[0,2],"9":[2,0,0],"10":[0,2],"11":[2,0],"12":[2,0],"13":[2,2,0],"14":[0,2],"15":[2,0,0],"16":[0,2],"17":[0,2],"18":[2,0,0],"19":[0,2],"20":[0,2],"21":[2,0,2,2],"22":[0,0,0],"23":[0,0],"24":[2,0],"25":[0,0],"26":[0,0],"27":[0,0],"28":[0,0],"29":[0,0]},"meta":{"lastBranch":30,"lastFunction":11,"lastStatement":72,"seen":{"s:6:20:9:Infinity":0,"f:6:20:6:21":0,"s:7:26:7:Infinity":1,"b:7:26:7:47:7:47:7:Infinity":0,"s:8:4:8:Infinity":2,"s:11:26:18:Infinity":3,"f:11:26:11:27":1,"b:13:8:13:Infinity:14:8:14:Infinity:15:8:15:Infinity:16:8:16:Infinity":1,"s:12:4:17:Infinity":4,"s:13:29:13:Infinity":5,"s:14:29:14:Infinity":6,"s:15:27:15:Infinity":7,"s:16:17:16:Infinity":8,"s:20:23:27:Infinity":9,"f:20:23:20:24":2,"b:22:8:22:Infinity:23:8:23:Infinity:24:8:24:Infinity:25:8:25:Infinity":2,"s:21:4:26:Infinity":10,"s:22:29:22:Infinity":11,"s:23:29:23:Infinity":12,"s:25:17:25:Infinity":13,"s:29:31:39:Infinity":14,"f:29:31:29:32":3,"b:31:8:31:Infinity:33:8:33:Infinity:34:8:34:Infinity:35:8:35:Infinity:36:8:36:Infinity:37:8:37:Infinity":3,"s:30:4:38:Infinity":15,"s:31:29:31:Infinity":16,"s:33:29:33:Infinity":17,"s:34:27:34:Infinity":18,"s:35:27:35:Infinity":19,"s:36:21:36:Infinity":20,"s:37:17:37:Infinity":21,"s:41:15:167:Infinity":22,"f:41:15:41:16":4,"b:41:42:41:46":4,"b:41:58:41:61":5,"s:42:36:42:Infinity":23,"s:45:24:51:Infinity":24,"b:45:51:45:58:45:58:51:Infinity":6,"b:45:58:51:15:51:15:51:Infinity":7,"s:53:18:66:Infinity":25,"s:68:26:68:Infinity":26,"s:69:28:69:Infinity":27,"b:69:86:69:98:69:98:69:Infinity":8,"b:69:28:69:35:69:35:69:62:69:62:69:86":9,"b:72:4:74:Infinity:undefined:undefined:undefined:undefined":10,"s:72:4:74:Infinity":28,"b:72:8:72:28:72:28:72:76":11,"s:73:8:73:Infinity":29,"b:77:4:79:Infinity:undefined:undefined:undefined:undefined":12,"s:77:4:79:Infinity":30,"b:77:8:77:17:77:17:77:64:77:64:77:110":13,"s:78:8:78:Infinity":31,"s:81:8:81:Infinity":32,"s:85:44:85:Infinity":33,"s:87:4:103:Infinity":34,"f:87:20:87:26":5,"s:88:8:88:Infinity":35,"s:89:8:89:Infinity":36,"b:91:8:94:Infinity:undefined:undefined:undefined:undefined":14,"s:91:8:94:Infinity":37,"s:92:12:92:Infinity":38,"s:93:12:93:Infinity":39,"s:96:20:96:Infinity":40,"s:97:8:97:Infinity":41,"s:98:8:98:Infinity":42,"f:98:21:98:27":6,"s:98:27:98:Infinity":43,"s:99:8:102:Infinity":44,"f:99:22:99:28":7,"s:100:12:100:Infinity":45,"s:101:12:101:Infinity":46,"s:107:19:107:Infinity":47,"b:107:19:107:27:107:27:107:56:107:56:107:Infinity":15,"s:108:28:108:Infinity":48,"b:108:37:108:87:108:87:108:Infinity":16,"b:110:4:116:Infinity:undefined:undefined:undefined:undefined":17,"s:110:4:116:Infinity":49,"s:111:8:114:Infinity":50,"s:118:20:118:Infinity":51,"b:118:20:118:27:118:27:118:46:118:46:118:Infinity":18,"b:120:4:126:Infinity:undefined:undefined:undefined:undefined":19,"s:120:4:126:Infinity":52,"s:121:8:124:Infinity":53,"b:128:4:139:Infinity:undefined:undefined:undefined:undefined":20,"s:128:4:139:Infinity":54,"b:128:9:128:26:128:26:128:44:128:44:128:57:128:57:128:72":21,"s:129:8:137:Infinity":55,"b:132:26:132:43:132:43:132:61:132:61:132:Infinity":22,"b:133:32:133:54:133:54:133:Infinity":23,"f:135:29:135:35":8,"s:135:35:135:Infinity":56,"b:141:4:147:Infinity:undefined:undefined:undefined:undefined":24,"s:141:4:147:Infinity":57,"s:142:8:145:Infinity":58,"s:149:24:156:Infinity":59,"f:149:24:149:25":9,"b:150:8:150:Infinity:undefined:undefined:undefined:undefined":25,"s:150:8:150:Infinity":60,"s:150:19:150:Infinity":61,"b:151:8:151:Infinity:undefined:undefined:undefined:undefined":26,"s:151:8:151:Infinity":62,"s:151:57:151:Infinity":63,"b:152:8:152:Infinity:undefined:undefined:undefined:undefined":27,"s:152:8:152:Infinity":64,"s:152:57:152:Infinity":65,"s:153:22:153:Infinity":66,"f:153:45:153:50":10,"s:153:50:153:62":67,"b:154:8:154:Infinity:undefined:undefined:undefined:undefined":28,"s:154:8:154:Infinity":68,"s:154:31:154:Infinity":69,"s:155:8:155:Infinity":70,"s:158:4:165:Infinity":71,"b:161:16:161:Infinity:163:16:163:Infinity":29}}}
,"/Users/javillinares/Documents/Antigravity/Sóc de Poble/src/components/ui/BlueprintOverlay.jsx": {"path":"/Users/javillinares/Documents/Antigravity/Sóc de Poble/src/components/ui/BlueprintOverlay.jsx","statementMap":{"0":{"start":{"line":8,"column":15},"end":{"line":15,"column":null}},"1":{"start":{"line":17,"column":25},"end":{"line":52,"column":null}},"2":{"start":{"line":18,"column":26},"end":{"line":18,"column":null}},"3":{"start":{"line":20,"column":18},"end":{"line":20,"column":null}},"4":{"start":{"line":22,"column":4},"end":{"line":22,"column":null}},"5":{"start":{"line":22,"column":24},"end":{"line":22,"column":null}},"6":{"start":{"line":24,"column":4},"end":{"line":50,"column":null}}},"fnMap":{"0":{"name":"(anonymous_0)","decl":{"start":{"line":17,"column":25},"end":{"line":17,"column":26}},"loc":{"start":{"line":17,"column":118},"end":{"line":52,"column":null}},"line":17}},"branchMap":{"0":{"loc":{"start":{"line":17,"column":47},"end":{"line":17,"column":63}},"type":"default-arg","locations":[{"start":{"line":17,"column":55},"end":{"line":17,"column":63}}],"line":17},"1":{"loc":{"start":{"line":17,"column":73},"end":{"line":17,"column":89}},"type":"default-arg","locations":[{"start":{"line":17,"column":85},"end":{"line":17,"column":89}}],"line":17},"2":{"loc":{"start":{"line":17,"column":89},"end":{"line":17,"column":112}},"type":"default-arg","locations":[{"start":{"line":17,"column":106},"end":{"line":17,"column":112}}],"line":17},"3":{"loc":{"start":{"line":20,"column":18},"end":{"line":20,"column":null}},"type":"binary-expr","locations":[{"start":{"line":20,"column":18},"end":{"line":20,"column":35}},{"start":{"line":20,"column":35},"end":{"line":20,"column":null}}],"line":20},"4":{"loc":{"start":{"line":22,"column":4},"end":{"line":22,"column":null}},"type":"if","locations":[{"start":{"line":22,"column":4},"end":{"line":22,"column":null}},{"start":{},"end":{}}],"line":22},"5":{"loc":{"start":{"line":27,"column":13},"end":{"line":48,"column":null}},"type":"binary-expr","locations":[{"start":{"line":27,"column":13},"end":{"line":27,"column":null}},{"start":{"line":28,"column":16},"end":{"line":48,"column":null}}],"line":27},"6":{"loc":{"start":{"line":34,"column":33},"end":{"line":34,"column":null}},"type":"binary-expr","locations":[{"start":{"line":34,"column":33},"end":{"line":34,"column":47}},{"start":{"line":34,"column":47},"end":{"line":34,"column":null}}],"line":34},"7":{"loc":{"start":{"line":36,"column":25},"end":{"line":45,"column":null}},"type":"binary-expr","locations":[{"start":{"line":36,"column":25},"end":{"line":36,"column":null}},{"start":{"line":37,"column":28},"end":{"line":45,"column":null}}],"line":36}},"s":{"0":1,"1":1,"2":0,"3":0,"4":0,"5":0,"6":0},"f":{"0":0},"b":{"0":[0],"1":[0],"2":[0],"3":[0,0],"4":[0,0],"5":[0,0],"6":[0,0],"7":[0,0]},"meta":{"lastBranch":8,"lastFunction":1,"lastStatement":7,"seen":{"s:8:15:15:Infinity":0,"s:17:25:52:Infinity":1,"f:17:25:17:26":0,"b:17:55:17:63":0,"b:17:85:17:89":1,"b:17:106:17:112":2,"s:18:26:18:Infinity":2,"s:20:18:20:Infinity":3,"b:20:18:20:35:20:35:20:Infinity":3,"b:22:4:22:Infinity:undefined:undefined:undefined:undefined":4,"s:22:4:22:Infinity":4,"s:22:24:22:Infinity":5,"s:24:4:50:Infinity":6,"b:27:13:27:Infinity:28:16:48:Infinity":5,"b:34:33:34:47:34:47:34:Infinity":6,"b:36:25:36:Infinity:37:28:45:Infinity":7}}}
,"/Users/javillinares/Documents/Antigravity/Sóc de Poble/src/components/ui/ImageCarousel.css": {"path":"/Users/javillinares/Documents/Antigravity/Sóc de Poble/src/components/ui/ImageCarousel.css","statementMap":{},"fnMap":{},"branchMap":{},"s":{},"f":{},"b":{},"meta":{"lastBranch":0,"lastFunction":0,"lastStatement":0,"seen":{}}}
,"/Users/javillinares/Documents/Antigravity/Sóc de Poble/src/components/ui/ImageCarousel.jsx": {"path":"/Users/javillinares/Documents/Antigravity/Sóc de Poble/src/components/ui/ImageCarousel.jsx","statementMap":{"0":{"start":{"line":5,"column":22},"end":{"line":118,"column":null}},"1":{"start":{"line":6,"column":40},"end":{"line":6,"column":null}},"2":{"start":{"line":7,"column":36},"end":{"line":7,"column":null}},"3":{"start":{"line":8,"column":32},"end":{"line":8,"column":null}},"4":{"start":{"line":10,"column":4},"end":{"line":10,"column":null}},"5":{"start":{"line":10,"column":40},"end":{"line":10,"column":null}},"6":{"start":{"line":12,"column":22},"end":{"line":15,"column":null}},"7":{"start":{"line":13,"column":8},"end":{"line":13,"column":null}},"8":{"start":{"line":14,"column":8},"end":{"line":14,"column":null}},"9":{"start":{"line":14,"column":35},"end":{"line":14,"column":77}},"10":{"start":{"line":17,"column":22},"end":{"line":20,"column":null}},"11":{"start":{"line":18,"column":8},"end":{"line":18,"column":null}},"12":{"start":{"line":18,"column":15},"end":{"line":18,"column":null}},"13":{"start":{"line":19,"column":8},"end":{"line":19,"column":null}},"14":{"start":{"line":19,"column":35},"end":{"line":19,"column":77}},"15":{"start":{"line":22,"column":29},"end":{"line":24,"column":null}},"16":{"start":{"line":23,"column":8},"end":{"line":23,"column":null}},"17":{"start":{"line":26,"column":28},"end":{"line":28,"column":null}},"18":{"start":{"line":27,"column":8},"end":{"line":27,"column":null}},"19":{"start":{"line":30,"column":27},"end":{"line":41,"column":null}},"20":{"start":{"line":31,"column":8},"end":{"line":31,"column":null}},"21":{"start":{"line":31,"column":38},"end":{"line":31,"column":null}},"22":{"start":{"line":32,"column":25},"end":{"line":32,"column":null}},"23":{"start":{"line":33,"column":28},"end":{"line":33,"column":null}},"24":{"start":{"line":34,"column":29},"end":{"line":34,"column":null}},"25":{"start":{"line":36,"column":8},"end":{"line":36,"column":null}},"26":{"start":{"line":36,"column":25},"end":{"line":36,"column":null}},"27":{"start":{"line":36,"column":52},"end":{"line":36,"column":94}},"28":{"start":{"line":37,"column":8},"end":{"line":37,"column":null}},"29":{"start":{"line":37,"column":26},"end":{"line":37,"column":null}},"30":{"start":{"line":37,"column":53},"end":{"line":37,"column":95}},"31":{"start":{"line":39,"column":8},"end":{"line":39,"column":null}},"32":{"start":{"line":40,"column":8},"end":{"line":40,"column":null}},"33":{"start":{"line":43,"column":4},"end":{"line":116,"column":null}},"34":{"start":{"line":55,"column":20},"end":{"line":76,"column":null}},"35":{"start":{"line":61,"column":43},"end":{"line":61,"column":null}},"36":{"start":{"line":65,"column":32},"end":{"line":68,"column":null}},"37":{"start":{"line":66,"column":36},"end":{"line":66,"column":null}},"38":{"start":{"line":67,"column":36},"end":{"line":67,"column":null}},"39":{"start":{"line":72,"column":32},"end":{"line":72,"column":null}},"40":{"start":{"line":73,"column":32},"end":{"line":73,"column":null}},"41":{"start":{"line":90,"column":28},"end":{"line":111,"column":null}},"42":{"start":{"line":99,"column":36},"end":{"line":103,"column":null}},"43":{"start":{"line":100,"column":40},"end":{"line":100,"column":null}},"44":{"start":{"line":101,"column":40},"end":{"line":101,"column":null}},"45":{"start":{"line":102,"column":40},"end":{"line":102,"column":null}},"46":{"start":{"line":106,"column":36},"end":{"line":106,"column":null}},"47":{"start":{"line":107,"column":36},"end":{"line":107,"column":null}}},"fnMap":{"0":{"name":"(anonymous_0)","decl":{"start":{"line":5,"column":22},"end":{"line":5,"column":23}},"loc":{"start":{"line":5,"column":75},"end":{"line":118,"column":null}},"line":5},"1":{"name":"(anonymous_1)","decl":{"start":{"line":12,"column":22},"end":{"line":12,"column":23}},"loc":{"start":{"line":12,"column":29},"end":{"line":15,"column":null}},"line":12},"2":{"name":"(anonymous_2)","decl":{"start":{"line":14,"column":24},"end":{"line":14,"column":25}},"loc":{"start":{"line":14,"column":35},"end":{"line":14,"column":77}},"line":14},"3":{"name":"(anonymous_3)","decl":{"start":{"line":17,"column":22},"end":{"line":17,"column":23}},"loc":{"start":{"line":17,"column":29},"end":{"line":20,"column":null}},"line":17},"4":{"name":"(anonymous_4)","decl":{"start":{"line":19,"column":24},"end":{"line":19,"column":25}},"loc":{"start":{"line":19,"column":35},"end":{"line":19,"column":77}},"line":19},"5":{"name":"(anonymous_5)","decl":{"start":{"line":22,"column":29},"end":{"line":22,"column":30}},"loc":{"start":{"line":22,"column":36},"end":{"line":24,"column":null}},"line":22},"6":{"name":"(anonymous_6)","decl":{"start":{"line":26,"column":28},"end":{"line":26,"column":29}},"loc":{"start":{"line":26,"column":35},"end":{"line":28,"column":null}},"line":26},"7":{"name":"(anonymous_7)","decl":{"start":{"line":30,"column":27},"end":{"line":30,"column":33}},"loc":{"start":{"line":30,"column":33},"end":{"line":41,"column":null}},"line":30},"8":{"name":"(anonymous_8)","decl":{"start":{"line":36,"column":41},"end":{"line":36,"column":42}},"loc":{"start":{"line":36,"column":52},"end":{"line":36,"column":94}},"line":36},"9":{"name":"(anonymous_9)","decl":{"start":{"line":37,"column":42},"end":{"line":37,"column":43}},"loc":{"start":{"line":37,"column":53},"end":{"line":37,"column":95}},"line":37},"10":{"name":"(anonymous_10)","decl":{"start":{"line":54,"column":28},"end":{"line":54,"column":29}},"loc":{"start":{"line":55,"column":20},"end":{"line":76,"column":null}},"line":55},"11":{"name":"(anonymous_11)","decl":{"start":{"line":61,"column":37},"end":{"line":61,"column":43}},"loc":{"start":{"line":61,"column":43},"end":{"line":61,"column":null}},"line":61},"12":{"name":"(anonymous_12)","decl":{"start":{"line":64,"column":39},"end":{"line":64,"column":40}},"loc":{"start":{"line":64,"column":46},"end":{"line":69,"column":null}},"line":64},"13":{"name":"(anonymous_13)","decl":{"start":{"line":71,"column":37},"end":{"line":71,"column":38}},"loc":{"start":{"line":71,"column":44},"end":{"line":74,"column":null}},"line":71},"14":{"name":"(anonymous_14)","decl":{"start":{"line":89,"column":36},"end":{"line":89,"column":37}},"loc":{"start":{"line":90,"column":28},"end":{"line":111,"column":null}},"line":90},"15":{"name":"(anonymous_15)","decl":{"start":{"line":98,"column":43},"end":{"line":98,"column":44}},"loc":{"start":{"line":98,"column":50},"end":{"line":104,"column":null}},"line":98},"16":{"name":"(anonymous_16)","decl":{"start":{"line":105,"column":41},"end":{"line":105,"column":42}},"loc":{"start":{"line":105,"column":48},"end":{"line":108,"column":null}},"line":105}},"branchMap":{"0":{"loc":{"start":{"line":5,"column":47},"end":{"line":5,"column":69}},"type":"default-arg","locations":[{"start":{"line":5,"column":60},"end":{"line":5,"column":69}}],"line":5},"1":{"loc":{"start":{"line":10,"column":4},"end":{"line":10,"column":null}},"type":"if","locations":[{"start":{"line":10,"column":4},"end":{"line":10,"column":null}},{"start":{},"end":{}}],"line":10},"2":{"loc":{"start":{"line":10,"column":8},"end":{"line":10,"column":40}},"type":"binary-expr","locations":[{"start":{"line":10,"column":8},"end":{"line":10,"column":19}},{"start":{"line":10,"column":19},"end":{"line":10,"column":40}}],"line":10},"3":{"loc":{"start":{"line":14,"column":35},"end":{"line":14,"column":77}},"type":"cond-expr","locations":[{"start":{"line":14,"column":64},"end":{"line":14,"column":68}},{"start":{"line":14,"column":68},"end":{"line":14,"column":77}}],"line":14},"4":{"loc":{"start":{"line":18,"column":8},"end":{"line":18,"column":null}},"type":"if","locations":[{"start":{"line":18,"column":8},"end":{"line":18,"column":null}},{"start":{},"end":{}}],"line":18},"5":{"loc":{"start":{"line":19,"column":35},"end":{"line":19,"column":77}},"type":"cond-expr","locations":[{"start":{"line":19,"column":48},"end":{"line":19,"column":68}},{"start":{"line":19,"column":68},"end":{"line":19,"column":77}}],"line":19},"6":{"loc":{"start":{"line":31,"column":8},"end":{"line":31,"column":null}},"type":"if","locations":[{"start":{"line":31,"column":8},"end":{"line":31,"column":null}},{"start":{},"end":{}}],"line":31},"7":{"loc":{"start":{"line":31,"column":12},"end":{"line":31,"column":38}},"type":"binary-expr","locations":[{"start":{"line":31,"column":12},"end":{"line":31,"column":27}},{"start":{"line":31,"column":27},"end":{"line":31,"column":38}}],"line":31},"8":{"loc":{"start":{"line":36,"column":8},"end":{"line":36,"column":null}},"type":"if","locations":[{"start":{"line":36,"column":8},"end":{"line":36,"column":null}},{"start":{},"end":{}}],"line":36},"9":{"loc":{"start":{"line":36,"column":52},"end":{"line":36,"column":94}},"type":"cond-expr","locations":[{"start":{"line":36,"column":81},"end":{"line":36,"column":85}},{"start":{"line":36,"column":85},"end":{"line":36,"column":94}}],"line":36},"10":{"loc":{"start":{"line":37,"column":8},"end":{"line":37,"column":null}},"type":"if","locations":[{"start":{"line":37,"column":8},"end":{"line":37,"column":null}},{"start":{},"end":{}}],"line":37},"11":{"loc":{"start":{"line":37,"column":53},"end":{"line":37,"column":95}},"type":"cond-expr","locations":[{"start":{"line":37,"column":66},"end":{"line":37,"column":86}},{"start":{"line":37,"column":86},"end":{"line":37,"column":95}}],"line":37},"12":{"loc":{"start":{"line":45,"column":51},"end":{"line":45,"column":102}},"type":"cond-expr","locations":[{"start":{"line":45,"column":75},"end":{"line":45,"column":100}},{"start":{"line":45,"column":100},"end":{"line":45,"column":102}}],"line":45},"13":{"loc":{"start":{"line":57,"column":33},"end":{"line":57,"column":null}},"type":"binary-expr","locations":[{"start":{"line":57,"column":33},"end":{"line":57,"column":40}},{"start":{"line":57,"column":40},"end":{"line":57,"column":null}}],"line":57},"14":{"loc":{"start":{"line":61,"column":43},"end":{"line":61,"column":null}},"type":"binary-expr","locations":[{"start":{"line":61,"column":43},"end":{"line":61,"column":59}},{"start":{"line":61,"column":59},"end":{"line":61,"column":null}}],"line":61},"15":{"loc":{"start":{"line":62,"column":34},"end":{"line":62,"column":null}},"type":"cond-expr","locations":[{"start":{"line":62,"column":49},"end":{"line":62,"column":60}},{"start":{"line":62,"column":60},"end":{"line":62,"column":null}}],"line":62},"16":{"loc":{"start":{"line":63,"column":38},"end":{"line":63,"column":null}},"type":"cond-expr","locations":[{"start":{"line":63,"column":53},"end":{"line":63,"column":57}},{"start":{"line":63,"column":57},"end":{"line":63,"column":null}}],"line":63},"17":{"loc":{"start":{"line":65,"column":32},"end":{"line":68,"column":null}},"type":"if","locations":[{"start":{"line":65,"column":32},"end":{"line":68,"column":null}},{"start":{},"end":{}}],"line":65},"18":{"loc":{"start":{"line":65,"column":36},"end":{"line":65,"column":90}},"type":"binary-expr","locations":[{"start":{"line":65,"column":36},"end":{"line":65,"column":53}},{"start":{"line":65,"column":53},"end":{"line":65,"column":74}},{"start":{"line":65,"column":74},"end":{"line":65,"column":90}}],"line":65},"19":{"loc":{"start":{"line":70,"column":45},"end":{"line":70,"column":82}},"type":"cond-expr","locations":[{"start":{"line":70,"column":60},"end":{"line":70,"column":72}},{"start":{"line":70,"column":72},"end":{"line":70,"column":82}}],"line":70},"20":{"loc":{"start":{"line":80,"column":13},"end":{"line":114,"column":null}},"type":"binary-expr","locations":[{"start":{"line":80,"column":13},"end":{"line":80,"column":null}},{"start":{"line":81,"column":16},"end":{"line":114,"column":null}}],"line":80},"21":{"loc":{"start":{"line":99,"column":36},"end":{"line":103,"column":null}},"type":"if","locations":[{"start":{"line":99,"column":36},"end":{"line":103,"column":null}},{"start":{},"end":{}}],"line":99},"22":{"loc":{"start":{"line":99,"column":40},"end":{"line":99,"column":76}},"type":"binary-expr","locations":[{"start":{"line":99,"column":40},"end":{"line":99,"column":61}},{"start":{"line":99,"column":61},"end":{"line":99,"column":76}}],"line":99},"23":{"loc":{"start":{"line":110,"column":55},"end":{"line":110,"column":91}},"type":"cond-expr","locations":[{"start":{"line":110,"column":78},"end":{"line":110,"column":89}},{"start":{"line":110,"column":89},"end":{"line":110,"column":91}}],"line":110}},"s":{"0":1,"1":0,"2":0,"3":0,"4":0,"5":0,"6":0,"7":0,"8":0,"9":0,"10":0,"11":0,"12":0,"13":0,"14":0,"15":0,"16":0,"17":0,"18":0,"19":0,"20":0,"21":0,"22":0,"23":0,"24":0,"25":0,"26":0,"27":0,"28":0,"29":0,"30":0,"31":0,"32":0,"33":0,"34":0,"35":0,"36":0,"37":0,"38":0,"39":0,"40":0,"41":0,"42":0,"43":0,"44":0,"45":0,"46":0,"47":0},"f":{"0":0,"1":0,"2":0,"3":0,"4":0,"5":0,"6":0,"7":0,"8":0,"9":0,"10":0,"11":0,"12":0,"13":0,"14":0,"15":0,"16":0},"b":{"0":[0],"1":[0,0],"2":[0,0],"3":[0,0],"4":[0,0],"5":[0,0],"6":[0,0],"7":[0,0],"8":[0,0],"9":[0,0],"10":[0,0],"11":[0,0],"12":[0,0],"13":[0,0],"14":[0,0],"15":[0,0],"16":[0,0],"17":[0,0],"18":[0,0,0],"19":[0,0],"20":[0,0],"21":[0,0],"22":[0,0],"23":[0,0]},"meta":{"lastBranch":24,"lastFunction":17,"lastStatement":48,"seen":{"s:5:22:118:Infinity":0,"f:5:22:5:23":0,"b:5:60:5:69":0,"s:6:40:6:Infinity":1,"s:7:36:7:Infinity":2,"s:8:32:8:Infinity":3,"b:10:4:10:Infinity:undefined:undefined:undefined:undefined":1,"s:10:4:10:Infinity":4,"b:10:8:10:19:10:19:10:40":2,"s:10:40:10:Infinity":5,"s:12:22:15:Infinity":6,"f:12:22:12:23":1,"s:13:8:13:Infinity":7,"s:14:8:14:Infinity":8,"f:14:24:14:25":2,"s:14:35:14:77":9,"b:14:64:14:68:14:68:14:77":3,"s:17:22:20:Infinity":10,"f:17:22:17:23":3,"b:18:8:18:Infinity:undefined:undefined:undefined:undefined":4,"s:18:8:18:Infinity":11,"s:18:15:18:Infinity":12,"s:19:8:19:Infinity":13,"f:19:24:19:25":4,"s:19:35:19:77":14,"b:19:48:19:68:19:68:19:77":5,"s:22:29:24:Infinity":15,"f:22:29:22:30":5,"s:23:8:23:Infinity":16,"s:26:28:28:Infinity":17,"f:26:28:26:29":6,"s:27:8:27:Infinity":18,"s:30:27:41:Infinity":19,"f:30:27:30:33":7,"b:31:8:31:Infinity:undefined:undefined:undefined:undefined":6,"s:31:8:31:Infinity":20,"b:31:12:31:27:31:27:31:38":7,"s:31:38:31:Infinity":21,"s:32:25:32:Infinity":22,"s:33:28:33:Infinity":23,"s:34:29:34:Infinity":24,"b:36:8:36:Infinity:undefined:undefined:undefined:undefined":8,"s:36:8:36:Infinity":25,"s:36:25:36:Infinity":26,"f:36:41:36:42":8,"s:36:52:36:94":27,"b:36:81:36:85:36:85:36:94":9,"b:37:8:37:Infinity:undefined:undefined:undefined:undefined":10,"s:37:8:37:Infinity":28,"s:37:26:37:Infinity":29,"f:37:42:37:43":9,"s:37:53:37:95":30,"b:37:66:37:86:37:86:37:95":11,"s:39:8:39:Infinity":31,"s:40:8:40:Infinity":32,"s:43:4:116:Infinity":33,"b:45:75:45:100:45:100:45:102":12,"f:54:28:54:29":10,"s:55:20:76:Infinity":34,"b:57:33:57:40:57:40:57:Infinity":13,"f:61:37:61:43":11,"s:61:43:61:Infinity":35,"b:61:43:61:59:61:59:61:Infinity":14,"b:62:49:62:60:62:60:62:Infinity":15,"b:63:53:63:57:63:57:63:Infinity":16,"f:64:39:64:40":12,"b:65:32:68:Infinity:undefined:undefined:undefined:undefined":17,"s:65:32:68:Infinity":36,"b:65:36:65:53:65:53:65:74:65:74:65:90":18,"s:66:36:66:Infinity":37,"s:67:36:67:Infinity":38,"b:70:60:70:72:70:72:70:82":19,"f:71:37:71:38":13,"s:72:32:72:Infinity":39,"s:73:32:73:Infinity":40,"b:80:13:80:Infinity:81:16:114:Infinity":20,"f:89:36:89:37":14,"s:90:28:111:Infinity":41,"f:98:43:98:44":15,"b:99:36:103:Infinity:undefined:undefined:undefined:undefined":21,"s:99:36:103:Infinity":42,"b:99:40:99:61:99:61:99:76":22,"s:100:40:100:Infinity":43,"s:101:40:101:Infinity":44,"s:102:40:102:Infinity":45,"f:105:41:105:42":16,"s:106:36:106:Infinity":46,"s:107:36:107:Infinity":47,"b:110:78:110:89:110:89:110:91":23}}}
,"/Users/javillinares/Documents/Antigravity/Sóc de Poble/src/components/ui/Watermark.css": {"path":"/Users/javillinares/Documents/Antigravity/Sóc de Poble/src/components/ui/Watermark.css","statementMap":{},"fnMap":{},"branchMap":{},"s":{},"f":{},"b":{},"meta":{"lastBranch":0,"lastFunction":0,"lastStatement":0,"seen":{}}}
,"/Users/javillinares/Documents/Antigravity/Sóc de Poble/src/components/ui/Watermark.jsx": {"path":"/Users/javillinares/Documents/Antigravity/Sóc de Poble/src/components/ui/Watermark.jsx","statementMap":{"0":{"start":{"line":3,"column":18},"end":{"line":18,"column":null}},"1":{"start":{"line":4,"column":20},"end":{"line":6,"column":null}},"2":{"start":{"line":8,"column":4},"end":{"line":16,"column":null}}},"fnMap":{"0":{"name":"(anonymous_0)","decl":{"start":{"line":3,"column":18},"end":{"line":3,"column":19}},"loc":{"start":{"line":3,"column":115},"end":{"line":18,"column":null}},"line":3}},"branchMap":{"0":{"loc":{"start":{"line":3,"column":31},"end":{"line":3,"column":50}},"type":"default-arg","locations":[{"start":{"line":3,"column":41},"end":{"line":3,"column":50}}],"line":3},"1":{"loc":{"start":{"line":3,"column":50},"end":{"line":3,"column":77}},"type":"default-arg","locations":[{"start":{"line":3,"column":61},"end":{"line":3,"column":77}}],"line":3},"2":{"loc":{"start":{"line":3,"column":77},"end":{"line":3,"column":92}},"type":"default-arg","locations":[{"start":{"line":3,"column":87},"end":{"line":3,"column":92}}],"line":3},"3":{"loc":{"start":{"line":3,"column":92},"end":{"line":3,"column":109}},"type":"default-arg","locations":[{"start":{"line":3,"column":103},"end":{"line":3,"column":109}}],"line":3},"4":{"loc":{"start":{"line":4,"column":20},"end":{"line":6,"column":null}},"type":"cond-expr","locations":[{"start":{"line":5,"column":10},"end":{"line":5,"column":null}},{"start":{"line":6,"column":10},"end":{"line":6,"column":null}}],"line":4},"5":{"loc":{"start":{"line":11,"column":13},"end":{"line":14,"column":null}},"type":"binary-expr","locations":[{"start":{"line":11,"column":13},"end":{"line":11,"column":null}},{"start":{"line":12,"column":16},"end":{"line":14,"column":null}}],"line":11}},"s":{"0":1,"1":2,"2":2},"f":{"0":2},"b":{"0":[2],"1":[2],"2":[2],"3":[2],"4":[2,0],"5":[2,0]},"meta":{"lastBranch":6,"lastFunction":1,"lastStatement":3,"seen":{"s:3:18:18:Infinity":0,"f:3:18:3:19":0,"b:3:41:3:50":0,"b:3:61:3:77":1,"b:3:87:3:92":2,"b:3:103:3:109":3,"s:4:20:6:Infinity":1,"b:5:10:5:Infinity:6:10:6:Infinity":4,"s:8:4:16:Infinity":2,"b:11:13:11:Infinity:12:16:14:Infinity":5}}}
,"/Users/javillinares/Documents/Antigravity/Sóc de Poble/src/components/ui/Button/Button.jsx": {"path":"/Users/javillinares/Documents/Antigravity/Sóc de Poble/src/components/ui/Button/Button.jsx","statementMap":{"0":{"start":{"line":6,"column":22},"end":{"line":72,"column":null}},"1":{"start":{"line":24,"column":22},"end":{"line":24,"column":null}},"2":{"start":{"line":26,"column":10},"end":{"line":33,"column":null}},"3":{"start":{"line":35,"column":10},"end":{"line":35,"column":null}},"4":{"start":{"line":37,"column":4},"end":{"line":69,"column":null}},"5":{"start":{"line":44,"column":10},"end":{"line":47,"column":null}},"6":{"start":{"line":45,"column":12},"end":{"line":45,"column":null}},"7":{"start":{"line":46,"column":12},"end":{"line":46,"column":null}},"8":{"start":{"line":48,"column":10},"end":{"line":50,"column":null}},"9":{"start":{"line":49,"column":12},"end":{"line":49,"column":null}},"10":{"start":{"line":74,"column":0},"end":{"line":74,"column":null}}},"fnMap":{"0":{"name":"(anonymous_0)","decl":{"start":{"line":7,"column":2},"end":{"line":7,"column":null}},"loc":{"start":{"line":23,"column":7},"end":{"line":71,"column":null}},"line":23},"1":{"name":"(anonymous_1)","decl":{"start":{"line":43,"column":17},"end":{"line":43,"column":18}},"loc":{"start":{"line":43,"column":24},"end":{"line":51,"column":null}},"line":43}},"branchMap":{"0":{"loc":{"start":{"line":24,"column":22},"end":{"line":24,"column":null}},"type":"binary-expr","locations":[{"start":{"line":24,"column":22},"end":{"line":24,"column":40}},{"start":{"line":24,"column":40},"end":{"line":24,"column":null}}],"line":24},"1":{"loc":{"start":{"line":24,"column":40},"end":{"line":24,"column":null}},"type":"cond-expr","locations":[{"start":{"line":24,"column":53},"end":{"line":24,"column":59}},{"start":{"line":24,"column":59},"end":{"line":24,"column":null}}],"line":24},"2":{"loc":{"start":{"line":41,"column":18},"end":{"line":41,"column":null}},"type":"cond-expr","locations":[{"start":{"line":41,"column":44},"end":{"line":41,"column":75}},{"start":{"line":41,"column":75},"end":{"line":41,"column":null}}],"line":41},"3":{"loc":{"start":{"line":41,"column":44},"end":{"line":41,"column":75}},"type":"binary-expr","locations":[{"start":{"line":41,"column":44},"end":{"line":41,"column":57}},{"start":{"line":41,"column":57},"end":{"line":41,"column":75}}],"line":41},"4":{"loc":{"start":{"line":42,"column":23},"end":{"line":42,"column":null}},"type":"cond-expr","locations":[{"start":{"line":42,"column":53},"end":{"line":42,"column":60}},{"start":{"line":42,"column":60},"end":{"line":42,"column":null}}],"line":42},"5":{"loc":{"start":{"line":42,"column":23},"end":{"line":42,"column":53}},"type":"binary-expr","locations":[{"start":{"line":42,"column":23},"end":{"line":42,"column":36}},{"start":{"line":42,"column":36},"end":{"line":42,"column":53}}],"line":42},"6":{"loc":{"start":{"line":44,"column":10},"end":{"line":47,"column":null}},"type":"if","locations":[{"start":{"line":44,"column":10},"end":{"line":47,"column":null}},{"start":{},"end":{}}],"line":44},"7":{"loc":{"start":{"line":44,"column":14},"end":{"line":44,"column":43}},"type":"binary-expr","locations":[{"start":{"line":44,"column":14},"end":{"line":44,"column":27}},{"start":{"line":44,"column":27},"end":{"line":44,"column":43}}],"line":44},"8":{"loc":{"start":{"line":48,"column":10},"end":{"line":50,"column":null}},"type":"if","locations":[{"start":{"line":48,"column":10},"end":{"line":50,"column":null}},{"start":{},"end":{}}],"line":48},"9":{"loc":{"start":{"line":54,"column":9},"end":{"line":67,"column":null}},"type":"cond-expr","locations":[{"start":{"line":55,"column":10},"end":{"line":61,"column":null}},{"start":{"line":63,"column":10},"end":{"line":67,"column":null}}],"line":54},"10":{"loc":{"start":{"line":64,"column":13},"end":{"line":64,"column":null}},"type":"binary-expr","locations":[{"start":{"line":64,"column":13},"end":{"line":64,"column":25}},{"start":{"line":64,"column":25},"end":{"line":64,"column":null}}],"line":64},"11":{"loc":{"start":{"line":66,"column":13},"end":{"line":66,"column":null}},"type":"binary-expr","locations":[{"start":{"line":66,"column":13},"end":{"line":66,"column":26}},{"start":{"line":66,"column":26},"end":{"line":66,"column":null}}],"line":66}},"s":{"0":2,"1":6,"2":6,"3":6,"4":6,"5":0,"6":0,"7":0,"8":0,"9":0,"10":2},"f":{"0":6,"1":0},"b":{"0":[6,6],"1":[0,6],"2":[6,0],"3":[6,6],"4":[0,6],"5":[6,6],"6":[0,0],"7":[0,0],"8":[0,0],"9":[0,6],"10":[6,2],"11":[6,0]},"meta":{"lastBranch":12,"lastFunction":2,"lastStatement":11,"seen":{"s:6:22:72:Infinity":0,"f:7:2:7:Infinity":0,"s:24:22:24:Infinity":1,"b:24:22:24:40:24:40:24:Infinity":0,"b:24:53:24:59:24:59:24:Infinity":1,"s:26:10:33:Infinity":2,"s:35:10:35:Infinity":3,"s:37:4:69:Infinity":4,"b:41:44:41:75:41:75:41:Infinity":2,"b:41:44:41:57:41:57:41:75":3,"b:42:53:42:60:42:60:42:Infinity":4,"b:42:23:42:36:42:36:42:53":5,"f:43:17:43:18":1,"b:44:10:47:Infinity:undefined:undefined:undefined:undefined":6,"s:44:10:47:Infinity":5,"b:44:14:44:27:44:27:44:43":7,"s:45:12:45:Infinity":6,"s:46:12:46:Infinity":7,"b:48:10:50:Infinity:undefined:undefined:undefined:undefined":8,"s:48:10:50:Infinity":8,"s:49:12:49:Infinity":9,"b:55:10:61:Infinity:63:10:67:Infinity":9,"b:64:13:64:25:64:25:64:Infinity":10,"b:66:13:66:26:66:26:66:Infinity":11,"s:74:0:74:Infinity":10}}}
,"/Users/javillinares/Documents/Antigravity/Sóc de Poble/src/components/ui/Button/Button.variants.js": {"path":"/Users/javillinares/Documents/Antigravity/Sóc de Poble/src/components/ui/Button/Button.variants.js","statementMap":{"0":{"start":{"line":3,"column":29},"end":{"line":57,"column":1}}},"fnMap":{},"branchMap":{},"s":{"0":2},"f":{},"b":{},"meta":{"lastBranch":0,"lastFunction":0,"lastStatement":1,"seen":{"s:3:29:57:1":0}}}
,"/Users/javillinares/Documents/Antigravity/Sóc de Poble/src/components/ui/universal-card/UniversalCard.ActionButton.jsx": {"path":"/Users/javillinares/Documents/Antigravity/Sóc de Poble/src/components/ui/universal-card/UniversalCard.ActionButton.jsx","statementMap":{"0":{"start":{"line":4,"column":34},"end":{"line":32,"column":null}},"1":{"start":{"line":13,"column":22},"end":{"line":16,"column":null}},"2":{"start":{"line":18,"column":4},"end":{"line":30,"column":null}}},"fnMap":{"0":{"name":"(anonymous_0)","decl":{"start":{"line":4,"column":34},"end":{"line":4,"column":35}},"loc":{"start":{"line":12,"column":6},"end":{"line":32,"column":null}},"line":12}},"branchMap":{"0":{"loc":{"start":{"line":5,"column":4},"end":{"line":5,"column":null}},"type":"default-arg","locations":[{"start":{"line":5,"column":14},"end":{"line":5,"column":null}}],"line":5},"1":{"loc":{"start":{"line":8,"column":4},"end":{"line":8,"column":null}},"type":"default-arg","locations":[{"start":{"line":8,"column":16},"end":{"line":8,"column":null}}],"line":8},"2":{"loc":{"start":{"line":20,"column":20},"end":{"line":20,"column":null}},"type":"binary-expr","locations":[{"start":{"line":20,"column":20},"end":{"line":20,"column":42}},{"start":{"line":20,"column":42},"end":{"line":20,"column":null}}],"line":20},"3":{"loc":{"start":{"line":26,"column":24},"end":{"line":26,"column":null}},"type":"binary-expr","locations":[{"start":{"line":26,"column":24},"end":{"line":26,"column":37}},{"start":{"line":26,"column":37},"end":{"line":26,"column":46}},{"start":{"line":26,"column":46},"end":{"line":26,"column":null}}],"line":26}},"s":{"0":1,"1":4,"2":4},"f":{"0":4},"b":{"0":[4],"1":[4],"2":[4,0],"3":[4,0,0]},"meta":{"lastBranch":4,"lastFunction":1,"lastStatement":3,"seen":{"s:4:34:32:Infinity":0,"f:4:34:4:35":0,"b:5:14:5:Infinity":0,"b:8:16:8:Infinity":1,"s:13:22:16:Infinity":1,"s:18:4:30:Infinity":2,"b:20:20:20:42:20:42:20:Infinity":2,"b:26:24:26:37:26:37:26:46:26:46:26:Infinity":3}}}
,"/Users/javillinares/Documents/Antigravity/Sóc de Poble/src/components/ui/universal-card/UniversalCard.Body.jsx": {"path":"/Users/javillinares/Documents/Antigravity/Sóc de Poble/src/components/ui/universal-card/UniversalCard.Body.jsx","statementMap":{"0":{"start":{"line":4,"column":20},"end":{"line":13,"column":null}},"1":{"start":{"line":5,"column":14},"end":{"line":5,"column":null}},"2":{"start":{"line":6,"column":4},"end":{"line":6,"column":null}},"3":{"start":{"line":7,"column":4},"end":{"line":7,"column":null}},"4":{"start":{"line":8,"column":4},"end":{"line":8,"column":null}},"5":{"start":{"line":9,"column":4},"end":{"line":11,"column":null}},"6":{"start":{"line":10,"column":8},"end":{"line":10,"column":null}},"7":{"start":{"line":12,"column":4},"end":{"line":12,"column":null}},"8":{"start":{"line":16,"column":26},"end":{"line":233,"column":null}},"9":{"start":{"line":27,"column":24},"end":{"line":27,"column":null}},"10":{"start":{"line":28,"column":26},"end":{"line":30,"column":null}},"11":{"start":{"line":32,"column":26},"end":{"line":32,"column":null}},"12":{"start":{"line":32,"column":103},"end":{"line":32,"column":123}},"13":{"start":{"line":33,"column":20},"end":{"line":33,"column":null}},"14":{"start":{"line":34,"column":20},"end":{"line":34,"column":null}},"15":{"start":{"line":36,"column":25},"end":{"line":38,"column":null}},"16":{"start":{"line":40,"column":24},"end":{"line":40,"column":null}},"17":{"start":{"line":41,"column":26},"end":{"line":41,"column":null}},"18":{"start":{"line":42,"column":24},"end":{"line":42,"column":null}},"19":{"start":{"line":44,"column":26},"end":{"line":44,"column":null}},"20":{"start":{"line":45,"column":34},"end":{"line":45,"column":null}},"21":{"start":{"line":46,"column":25},"end":{"line":46,"column":null}},"22":{"start":{"line":48,"column":26},"end":{"line":48,"column":null}},"23":{"start":{"line":50,"column":27},"end":{"line":50,"column":null}},"24":{"start":{"line":52,"column":32},"end":{"line":72,"column":null}},"25":{"start":{"line":53,"column":8},"end":{"line":53,"column":null}},"26":{"start":{"line":53,"column":36},"end":{"line":53,"column":null}},"27":{"start":{"line":55,"column":8},"end":{"line":57,"column":null}},"28":{"start":{"line":56,"column":12},"end":{"line":56,"column":null}},"29":{"start":{"line":59,"column":19},"end":{"line":59,"column":null}},"30":{"start":{"line":60,"column":8},"end":{"line":60,"column":null}},"31":{"start":{"line":60,"column":17},"end":{"line":60,"column":null}},"32":{"start":{"line":62,"column":8},"end":{"line":71,"column":null}},"33":{"start":{"line":63,"column":29},"end":{"line":63,"column":null}},"34":{"start":{"line":63,"column":39},"end":{"line":63,"column":null}},"35":{"start":{"line":64,"column":34},"end":{"line":64,"column":null}},"36":{"start":{"line":65,"column":31},"end":{"line":65,"column":null}},"37":{"start":{"line":66,"column":12},"end":{"line":66,"column":null}},"38":{"start":{"line":67,"column":8},"end":{"line":71,"column":null}},"39":{"start":{"line":68,"column":12},"end":{"line":68,"column":null}},"40":{"start":{"line":70,"column":12},"end":{"line":70,"column":null}},"41":{"start":{"line":74,"column":15},"end":{"line":74,"column":null}},"42":{"start":{"line":75,"column":22},"end":{"line":75,"column":null}},"43":{"start":{"line":76,"column":4},"end":{"line":89,"column":null}},"44":{"start":{"line":77,"column":8},"end":{"line":81,"column":null}},"45":{"start":{"line":78,"column":12},"end":{"line":78,"column":null}},"46":{"start":{"line":80,"column":12},"end":{"line":80,"column":null}},"47":{"start":{"line":82,"column":4},"end":{"line":89,"column":null}},"48":{"start":{"line":83,"column":25},"end":{"line":83,"column":null}},"49":{"start":{"line":83,"column":35},"end":{"line":83,"column":null}},"50":{"start":{"line":84,"column":30},"end":{"line":84,"column":null}},"51":{"start":{"line":85,"column":27},"end":{"line":85,"column":null}},"52":{"start":{"line":86,"column":8},"end":{"line":86,"column":null}},"53":{"start":{"line":87,"column":4},"end":{"line":89,"column":null}},"54":{"start":{"line":88,"column":8},"end":{"line":88,"column":null}},"55":{"start":{"line":91,"column":4},"end":{"line":231,"column":null}},"56":{"start":{"line":117,"column":24},"end":{"line":117,"column":null}},"57":{"start":{"line":117,"column":43},"end":{"line":117,"column":null}},"58":{"start":{"line":119,"column":24},"end":{"line":130,"column":null}},"59":{"start":{"line":157,"column":57},"end":{"line":157,"column":null}},"60":{"start":{"line":158,"column":59},"end":{"line":158,"column":null}},"61":{"start":{"line":159,"column":55},"end":{"line":159,"column":null}},"62":{"start":{"line":160,"column":56},"end":{"line":160,"column":null}},"63":{"start":{"line":161,"column":37},"end":{"line":164,"column":null}},"64":{"start":{"line":205,"column":57},"end":{"line":205,"column":null}},"65":{"start":{"line":206,"column":59},"end":{"line":206,"column":null}},"66":{"start":{"line":207,"column":55},"end":{"line":207,"column":null}},"67":{"start":{"line":208,"column":56},"end":{"line":208,"column":null}},"68":{"start":{"line":209,"column":37},"end":{"line":212,"column":null}},"69":{"start":{"line":235,"column":0},"end":{"line":235,"column":null}}},"fnMap":{"0":{"name":"(anonymous_0)","decl":{"start":{"line":4,"column":20},"end":{"line":4,"column":21}},"loc":{"start":{"line":4,"column":29},"end":{"line":13,"column":null}},"line":4},"1":{"name":"(anonymous_1)","decl":{"start":{"line":16,"column":37},"end":{"line":16,"column":38}},"loc":{"start":{"line":26,"column":6},"end":{"line":233,"column":1}},"line":26},"2":{"name":"(anonymous_2)","decl":{"start":{"line":32,"column":98},"end":{"line":32,"column":103}},"loc":{"start":{"line":32,"column":103},"end":{"line":32,"column":123}},"line":32},"3":{"name":"(anonymous_3)","decl":{"start":{"line":52,"column":50},"end":{"line":52,"column":51}},"loc":{"start":{"line":52,"column":57},"end":{"line":72,"column":7}},"line":52},"4":{"name":"(anonymous_4)","decl":{"start":{"line":63,"column":29},"end":{"line":63,"column":30}},"loc":{"start":{"line":63,"column":39},"end":{"line":63,"column":null}},"line":63},"5":{"name":"(anonymous_5)","decl":{"start":{"line":83,"column":25},"end":{"line":83,"column":26}},"loc":{"start":{"line":83,"column":35},"end":{"line":83,"column":null}},"line":83},"6":{"name":"(anonymous_6)","decl":{"start":{"line":116,"column":22},"end":{"line":116,"column":28}},"loc":{"start":{"line":116,"column":28},"end":{"line":132,"column":23}},"line":116},"7":{"name":"(anonymous_7)","decl":{"start":{"line":156,"column":57},"end":{"line":156,"column":58}},"loc":{"start":{"line":156,"column":73},"end":{"line":166,"column":34}},"line":156},"8":{"name":"(anonymous_8)","decl":{"start":{"line":204,"column":58},"end":{"line":204,"column":59}},"loc":{"start":{"line":204,"column":74},"end":{"line":214,"column":34}},"line":204}},"branchMap":{"0":{"loc":{"start":{"line":9,"column":4},"end":{"line":11,"column":null}},"type":"if","locations":[{"start":{"line":9,"column":4},"end":{"line":11,"column":null}},{"start":{},"end":{}}],"line":9},"1":{"loc":{"start":{"line":28,"column":26},"end":{"line":30,"column":null}},"type":"cond-expr","locations":[{"start":{"line":29,"column":10},"end":{"line":29,"column":null}},{"start":{"line":30,"column":10},"end":{"line":30,"column":null}}],"line":28},"2":{"loc":{"start":{"line":32,"column":26},"end":{"line":32,"column":null}},"type":"cond-expr","locations":[{"start":{"line":32,"column":26},"end":{"line":32,"column":127}},{"start":{"line":32,"column":127},"end":{"line":32,"column":null}}],"line":32},"3":{"loc":{"start":{"line":32,"column":44},"end":{"line":32,"column":94}},"type":"binary-expr","locations":[{"start":{"line":32,"column":44},"end":{"line":32,"column":90}},{"start":{"line":32,"column":90},"end":{"line":32,"column":94}}],"line":32},"4":{"loc":{"start":{"line":33,"column":37},"end":{"line":33,"column":56}},"type":"binary-expr","locations":[{"start":{"line":33,"column":37},"end":{"line":33,"column":51}},{"start":{"line":33,"column":51},"end":{"line":33,"column":56}}],"line":33},"5":{"loc":{"start":{"line":36,"column":25},"end":{"line":38,"column":null}},"type":"binary-expr","locations":[{"start":{"line":36,"column":25},"end":{"line":36,"column":48}},{"start":{"line":36,"column":48},"end":{"line":36,"column":null}},{"start":{"line":37,"column":9},"end":{"line":38,"column":null}}],"line":36},"6":{"loc":{"start":{"line":37,"column":9},"end":{"line":38,"column":null}},"type":"cond-expr","locations":[{"start":{"line":37,"column":53},"end":{"line":37,"column":null}},{"start":{"line":38,"column":10},"end":{"line":38,"column":null}}],"line":37},"7":{"loc":{"start":{"line":37,"column":9},"end":{"line":37,"column":53}},"type":"binary-expr","locations":[{"start":{"line":37,"column":9},"end":{"line":37,"column":37}},{"start":{"line":37,"column":37},"end":{"line":37,"column":53}}],"line":37},"8":{"loc":{"start":{"line":38,"column":10},"end":{"line":38,"column":null}},"type":"cond-expr","locations":[{"start":{"line":38,"column":67},"end":{"line":38,"column":99}},{"start":{"line":38,"column":99},"end":{"line":38,"column":null}}],"line":38},"9":{"loc":{"start":{"line":38,"column":10},"end":{"line":38,"column":67}},"type":"binary-expr","locations":[{"start":{"line":38,"column":10},"end":{"line":38,"column":38}},{"start":{"line":38,"column":38},"end":{"line":38,"column":67}}],"line":38},"10":{"loc":{"start":{"line":38,"column":67},"end":{"line":38,"column":99}},"type":"binary-expr","locations":[{"start":{"line":38,"column":67},"end":{"line":38,"column":83}},{"start":{"line":38,"column":83},"end":{"line":38,"column":99}}],"line":38},"11":{"loc":{"start":{"line":40,"column":24},"end":{"line":40,"column":null}},"type":"cond-expr","locations":[{"start":{"line":40,"column":68},"end":{"line":40,"column":72}},{"start":{"line":40,"column":72},"end":{"line":40,"column":null}}],"line":40},"12":{"loc":{"start":{"line":40,"column":24},"end":{"line":40,"column":68}},"type":"binary-expr","locations":[{"start":{"line":40,"column":24},"end":{"line":40,"column":40}},{"start":{"line":40,"column":40},"end":{"line":40,"column":68}}],"line":40},"13":{"loc":{"start":{"line":41,"column":26},"end":{"line":41,"column":null}},"type":"cond-expr","locations":[{"start":{"line":41,"column":42},"end":{"line":41,"column":78}},{"start":{"line":41,"column":78},"end":{"line":41,"column":null}}],"line":41},"14":{"loc":{"start":{"line":41,"column":42},"end":{"line":41,"column":78}},"type":"cond-expr","locations":[{"start":{"line":41,"column":69},"end":{"line":41,"column":73}},{"start":{"line":41,"column":73},"end":{"line":41,"column":78}}],"line":41},"15":{"loc":{"start":{"line":44,"column":26},"end":{"line":44,"column":null}},"type":"cond-expr","locations":[{"start":{"line":44,"column":36},"end":{"line":44,"column":40}},{"start":{"line":44,"column":40},"end":{"line":44,"column":null}}],"line":44},"16":{"loc":{"start":{"line":48,"column":26},"end":{"line":48,"column":null}},"type":"cond-expr","locations":[{"start":{"line":48,"column":47},"end":{"line":48,"column":66}},{"start":{"line":48,"column":66},"end":{"line":48,"column":null}}],"line":48},"17":{"loc":{"start":{"line":50,"column":27},"end":{"line":50,"column":null}},"type":"cond-expr","locations":[{"start":{"line":50,"column":44},"end":{"line":50,"column":148}},{"start":{"line":50,"column":148},"end":{"line":50,"column":null}}],"line":50},"18":{"loc":{"start":{"line":53,"column":8},"end":{"line":53,"column":null}},"type":"if","locations":[{"start":{"line":53,"column":8},"end":{"line":53,"column":null}},{"start":{},"end":{}}],"line":53},"19":{"loc":{"start":{"line":53,"column":12},"end":{"line":53,"column":36}},"type":"binary-expr","locations":[{"start":{"line":53,"column":12},"end":{"line":53,"column":17}},{"start":{"line":53,"column":17},"end":{"line":53,"column":36}}],"line":53},"20":{"loc":{"start":{"line":55,"column":8},"end":{"line":57,"column":null}},"type":"if","locations":[{"start":{"line":55,"column":8},"end":{"line":57,"column":null}},{"start":{},"end":{}}],"line":55},"21":{"loc":{"start":{"line":59,"column":19},"end":{"line":59,"column":null}},"type":"binary-expr","locations":[{"start":{"line":59,"column":19},"end":{"line":59,"column":33}},{"start":{"line":59,"column":33},"end":{"line":59,"column":null}}],"line":59},"22":{"loc":{"start":{"line":60,"column":8},"end":{"line":60,"column":null}},"type":"if","locations":[{"start":{"line":60,"column":8},"end":{"line":60,"column":null}},{"start":{},"end":{}}],"line":60},"23":{"loc":{"start":{"line":62,"column":8},"end":{"line":71,"column":null}},"type":"if","locations":[{"start":{"line":62,"column":8},"end":{"line":71,"column":null}},{"start":{"line":67,"column":8},"end":{"line":71,"column":null}}],"line":62},"24":{"loc":{"start":{"line":64,"column":34},"end":{"line":64,"column":null}},"type":"cond-expr","locations":[{"start":{"line":64,"column":47},"end":{"line":64,"column":106}},{"start":{"line":64,"column":106},"end":{"line":64,"column":null}}],"line":64},"25":{"loc":{"start":{"line":67,"column":8},"end":{"line":71,"column":null}},"type":"if","locations":[{"start":{"line":67,"column":8},"end":{"line":71,"column":null}},{"start":{"line":69,"column":15},"end":{"line":71,"column":null}}],"line":67},"26":{"loc":{"start":{"line":67,"column":19},"end":{"line":67,"column":73}},"type":"binary-expr","locations":[{"start":{"line":67,"column":19},"end":{"line":67,"column":47}},{"start":{"line":67,"column":47},"end":{"line":67,"column":73}}],"line":67},"27":{"loc":{"start":{"line":74,"column":15},"end":{"line":74,"column":null}},"type":"binary-expr","locations":[{"start":{"line":74,"column":15},"end":{"line":74,"column":29}},{"start":{"line":74,"column":29},"end":{"line":74,"column":null}}],"line":74},"28":{"loc":{"start":{"line":75,"column":22},"end":{"line":75,"column":null}},"type":"cond-expr","locations":[{"start":{"line":75,"column":27},"end":{"line":75,"column":43}},{"start":{"line":75,"column":43},"end":{"line":75,"column":null}}],"line":75},"29":{"loc":{"start":{"line":76,"column":4},"end":{"line":89,"column":null}},"type":"if","locations":[{"start":{"line":76,"column":4},"end":{"line":89,"column":null}},{"start":{"line":82,"column":4},"end":{"line":89,"column":null}}],"line":76},"30":{"loc":{"start":{"line":76,"column":8},"end":{"line":76,"column":45}},"type":"binary-expr","locations":[{"start":{"line":76,"column":8},"end":{"line":76,"column":33}},{"start":{"line":76,"column":33},"end":{"line":76,"column":45}}],"line":76},"31":{"loc":{"start":{"line":77,"column":8},"end":{"line":81,"column":null}},"type":"if","locations":[{"start":{"line":77,"column":8},"end":{"line":81,"column":null}},{"start":{"line":79,"column":15},"end":{"line":81,"column":null}}],"line":77},"32":{"loc":{"start":{"line":82,"column":4},"end":{"line":89,"column":null}},"type":"if","locations":[{"start":{"line":82,"column":4},"end":{"line":89,"column":null}},{"start":{"line":87,"column":4},"end":{"line":89,"column":null}}],"line":82},"33":{"loc":{"start":{"line":84,"column":30},"end":{"line":84,"column":null}},"type":"cond-expr","locations":[{"start":{"line":84,"column":43},"end":{"line":84,"column":102}},{"start":{"line":84,"column":102},"end":{"line":84,"column":null}}],"line":84},"34":{"loc":{"start":{"line":87,"column":4},"end":{"line":89,"column":null}},"type":"if","locations":[{"start":{"line":87,"column":4},"end":{"line":89,"column":null}},{"start":{},"end":{}}],"line":87},"35":{"loc":{"start":{"line":87,"column":15},"end":{"line":87,"column":69}},"type":"binary-expr","locations":[{"start":{"line":87,"column":15},"end":{"line":87,"column":43}},{"start":{"line":87,"column":43},"end":{"line":87,"column":69}}],"line":87},"36":{"loc":{"start":{"line":104,"column":24},"end":{"line":113,"column":null}},"type":"binary-expr","locations":[{"start":{"line":105,"column":26},"end":{"line":105,"column":54}},{"start":{"line":105,"column":54},"end":{"line":105,"column":83}},{"start":{"line":105,"column":83},"end":{"line":105,"column":null}},{"start":{"line":106,"column":28},"end":{"line":113,"column":null}}],"line":104},"37":{"loc":{"start":{"line":107,"column":33},"end":{"line":107,"column":null}},"type":"binary-expr","locations":[{"start":{"line":107,"column":33},"end":{"line":107,"column":49}},{"start":{"line":107,"column":49},"end":{"line":107,"column":null}}],"line":107},"38":{"loc":{"start":{"line":108,"column":33},"end":{"line":111,"column":null}},"type":"binary-expr","locations":[{"start":{"line":108,"column":33},"end":{"line":108,"column":null}},{"start":{"line":109,"column":36},"end":{"line":111,"column":null}}],"line":108},"39":{"loc":{"start":{"line":109,"column":125},"end":{"line":109,"column":288}},"type":"cond-expr","locations":[{"start":{"line":109,"column":225},"end":{"line":109,"column":256}},{"start":{"line":109,"column":256},"end":{"line":109,"column":288}}],"line":109},"40":{"loc":{"start":{"line":109,"column":125},"end":{"line":109,"column":225}},"type":"binary-expr","locations":[{"start":{"line":109,"column":125},"end":{"line":109,"column":174}},{"start":{"line":109,"column":174},"end":{"line":109,"column":225}}],"line":109},"41":{"loc":{"start":{"line":110,"column":47},"end":{"line":110,"column":128}},"type":"cond-expr","locations":[{"start":{"line":110,"column":98},"end":{"line":110,"column":110}},{"start":{"line":110,"column":110},"end":{"line":110,"column":128}}],"line":110},"42":{"loc":{"start":{"line":117,"column":24},"end":{"line":117,"column":null}},"type":"if","locations":[{"start":{"line":117,"column":24},"end":{"line":117,"column":null}},{"start":{},"end":{}}],"line":117},"43":{"loc":{"start":{"line":121,"column":33},"end":{"line":128,"column":null}},"type":"cond-expr","locations":[{"start":{"line":122,"column":36},"end":{"line":124,"column":null}},{"start":{"line":126,"column":36},"end":{"line":128,"column":null}}],"line":121},"44":{"loc":{"start":{"line":136,"column":21},"end":{"line":140,"column":null}},"type":"binary-expr","locations":[{"start":{"line":136,"column":21},"end":{"line":136,"column":null}},{"start":{"line":137,"column":24},"end":{"line":140,"column":null}}],"line":136},"45":{"loc":{"start":{"line":146,"column":17},"end":{"line":149,"column":null}},"type":"binary-expr","locations":[{"start":{"line":146,"column":17},"end":{"line":146,"column":null}},{"start":{"line":147,"column":20},"end":{"line":149,"column":null}}],"line":146},"46":{"loc":{"start":{"line":152,"column":17},"end":{"line":222,"column":null}},"type":"cond-expr","locations":[{"start":{"line":153,"column":20},"end":{"line":185,"column":null}},{"start":{"line":187,"column":20},"end":{"line":222,"column":null}}],"line":152},"47":{"loc":{"start":{"line":154,"column":25},"end":{"line":172,"column":null}},"type":"binary-expr","locations":[{"start":{"line":154,"column":25},"end":{"line":154,"column":null}},{"start":{"line":155,"column":28},"end":{"line":172,"column":null}}],"line":154},"48":{"loc":{"start":{"line":167,"column":34},"end":{"line":170,"column":null}},"type":"binary-expr","locations":[{"start":{"line":167,"column":34},"end":{"line":167,"column":null}},{"start":{"line":168,"column":37},"end":{"line":170,"column":null}}],"line":167},"49":{"loc":{"start":{"line":174,"column":25},"end":{"line":183,"column":null}},"type":"binary-expr","locations":[{"start":{"line":174,"column":25},"end":{"line":174,"column":null}},{"start":{"line":175,"column":28},"end":{"line":183,"column":null}}],"line":174},"50":{"loc":{"start":{"line":179,"column":64},"end":{"line":179,"column":91}},"type":"binary-expr","locations":[{"start":{"line":179,"column":64},"end":{"line":179,"column":78}},{"start":{"line":179,"column":78},"end":{"line":179,"column":91}}],"line":179},"51":{"loc":{"start":{"line":188,"column":25},"end":{"line":199,"column":null}},"type":"binary-expr","locations":[{"start":{"line":188,"column":25},"end":{"line":188,"column":null}},{"start":{"line":189,"column":28},"end":{"line":199,"column":null}}],"line":188},"52":{"loc":{"start":{"line":194,"column":68},"end":{"line":194,"column":95}},"type":"binary-expr","locations":[{"start":{"line":194,"column":68},"end":{"line":194,"column":82}},{"start":{"line":194,"column":82},"end":{"line":194,"column":95}}],"line":194},"53":{"loc":{"start":{"line":202,"column":25},"end":{"line":220,"column":null}},"type":"binary-expr","locations":[{"start":{"line":202,"column":25},"end":{"line":202,"column":null}},{"start":{"line":203,"column":28},"end":{"line":220,"column":null}}],"line":202},"54":{"loc":{"start":{"line":215,"column":34},"end":{"line":218,"column":null}},"type":"binary-expr","locations":[{"start":{"line":215,"column":34},"end":{"line":215,"column":null}},{"start":{"line":216,"column":37},"end":{"line":218,"column":null}}],"line":215}},"s":{"0":1,"1":0,"2":0,"3":0,"4":0,"5":0,"6":0,"7":0,"8":1,"9":2,"10":2,"11":2,"12":0,"13":2,"14":2,"15":2,"16":2,"17":2,"18":2,"19":2,"20":2,"21":2,"22":2,"23":2,"24":2,"25":1,"26":1,"27":1,"28":1,"29":0,"30":1,"31":0,"32":0,"33":0,"34":0,"35":0,"36":0,"37":0,"38":0,"39":0,"40":0,"41":2,"42":2,"43":2,"44":0,"45":0,"46":0,"47":2,"48":1,"49":1,"50":1,"51":1,"52":1,"53":1,"54":0,"55":2,"56":2,"57":2,"58":0,"59":0,"60":0,"61":0,"62":0,"63":0,"64":0,"65":0,"66":0,"67":0,"68":0,"69":1},"f":{"0":0,"1":2,"2":0,"3":1,"4":0,"5":1,"6":2,"7":0,"8":0},"b":{"0":[0,0],"1":[1,1],"2":[0,2],"3":[0,0],"4":[2,2],"5":[2,2,2],"6":[0,2],"7":[2,1],"8":[0,2],"9":[2,2],"10":[0,0],"11":[0,2],"12":[2,2],"13":[0,2],"14":[0,0],"15":[0,2],"16":[2,0],"17":[0,2],"18":[1,0],"19":[1,1],"20":[1,0],"21":[0,0],"22":[0,1],"23":[0,0],"24":[0,0],"25":[0,0],"26":[0,0],"27":[2,2],"28":[2,0],"29":[0,2],"30":[2,0],"31":[0,0],"32":[1,1],"33":[0,1],"34":[0,1],"35":[1,1],"36":[2,2,0,0],"37":[0,0],"38":[0,0],"39":[0,0],"40":[0,0],"41":[0,0],"42":[2,0],"43":[0,0],"44":[2,0],"45":[2,0],"46":[0,2],"47":[0,0],"48":[0,0],"49":[0,0],"50":[0,0],"51":[2,0],"52":[0,0],"53":[2,0],"54":[0,0]},"meta":{"lastBranch":55,"lastFunction":9,"lastStatement":70,"seen":{"s:4:20:13:Infinity":0,"f:4:20:4:21":0,"s:5:14:5:Infinity":1,"s:6:4:6:Infinity":2,"s:7:4:7:Infinity":3,"s:8:4:8:Infinity":4,"b:9:4:11:Infinity:undefined:undefined:undefined:undefined":0,"s:9:4:11:Infinity":5,"s:10:8:10:Infinity":6,"s:12:4:12:Infinity":7,"s:16:26:233:Infinity":8,"f:16:37:16:38":1,"s:27:24:27:Infinity":9,"s:28:26:30:Infinity":10,"b:29:10:29:Infinity:30:10:30:Infinity":1,"s:32:26:32:Infinity":11,"b:32:26:32:127:32:127:32:Infinity":2,"b:32:44:32:90:32:90:32:94":3,"f:32:98:32:103":2,"s:32:103:32:123":12,"s:33:20:33:Infinity":13,"b:33:37:33:51:33:51:33:56":4,"s:34:20:34:Infinity":14,"s:36:25:38:Infinity":15,"b:36:25:36:48:36:48:36:Infinity:37:9:38:Infinity":5,"b:37:53:37:Infinity:38:10:38:Infinity":6,"b:37:9:37:37:37:37:37:53":7,"b:38:67:38:99:38:99:38:Infinity":8,"b:38:10:38:38:38:38:38:67":9,"b:38:67:38:83:38:83:38:99":10,"s:40:24:40:Infinity":16,"b:40:68:40:72:40:72:40:Infinity":11,"b:40:24:40:40:40:40:40:68":12,"s:41:26:41:Infinity":17,"b:41:42:41:78:41:78:41:Infinity":13,"b:41:69:41:73:41:73:41:78":14,"s:42:24:42:Infinity":18,"s:44:26:44:Infinity":19,"b:44:36:44:40:44:40:44:Infinity":15,"s:45:34:45:Infinity":20,"s:46:25:46:Infinity":21,"s:48:26:48:Infinity":22,"b:48:47:48:66:48:66:48:Infinity":16,"s:50:27:50:Infinity":23,"b:50:44:50:148:50:148:50:Infinity":17,"s:52:32:72:Infinity":24,"f:52:50:52:51":3,"b:53:8:53:Infinity:undefined:undefined:undefined:undefined":18,"s:53:8:53:Infinity":25,"b:53:12:53:17:53:17:53:36":19,"s:53:36:53:Infinity":26,"b:55:8:57:Infinity:undefined:undefined:undefined:undefined":20,"s:55:8:57:Infinity":27,"s:56:12:56:Infinity":28,"s:59:19:59:Infinity":29,"b:59:19:59:33:59:33:59:Infinity":21,"b:60:8:60:Infinity:undefined:undefined:undefined:undefined":22,"s:60:8:60:Infinity":30,"s:60:17:60:Infinity":31,"b:62:8:71:Infinity:67:8:71:Infinity":23,"s:62:8:71:Infinity":32,"s:63:29:63:Infinity":33,"f:63:29:63:30":4,"s:63:39:63:Infinity":34,"s:64:34:64:Infinity":35,"b:64:47:64:106:64:106:64:Infinity":24,"s:65:31:65:Infinity":36,"s:66:12:66:Infinity":37,"b:67:8:71:Infinity:69:15:71:Infinity":25,"s:67:8:71:Infinity":38,"b:67:19:67:47:67:47:67:73":26,"s:68:12:68:Infinity":39,"s:70:12:70:Infinity":40,"s:74:15:74:Infinity":41,"b:74:15:74:29:74:29:74:Infinity":27,"s:75:22:75:Infinity":42,"b:75:27:75:43:75:43:75:Infinity":28,"b:76:4:89:Infinity:82:4:89:Infinity":29,"s:76:4:89:Infinity":43,"b:76:8:76:33:76:33:76:45":30,"b:77:8:81:Infinity:79:15:81:Infinity":31,"s:77:8:81:Infinity":44,"s:78:12:78:Infinity":45,"s:80:12:80:Infinity":46,"b:82:4:89:Infinity:87:4:89:Infinity":32,"s:82:4:89:Infinity":47,"s:83:25:83:Infinity":48,"f:83:25:83:26":5,"s:83:35:83:Infinity":49,"s:84:30:84:Infinity":50,"b:84:43:84:102:84:102:84:Infinity":33,"s:85:27:85:Infinity":51,"s:86:8:86:Infinity":52,"b:87:4:89:Infinity:undefined:undefined:undefined:undefined":34,"s:87:4:89:Infinity":53,"b:87:15:87:43:87:43:87:69":35,"s:88:8:88:Infinity":54,"s:91:4:231:Infinity":55,"b:105:26:105:54:105:54:105:83:105:83:105:Infinity:106:28:113:Infinity":36,"b:107:33:107:49:107:49:107:Infinity":37,"b:108:33:108:Infinity:109:36:111:Infinity":38,"b:109:225:109:256:109:256:109:288":39,"b:109:125:109:174:109:174:109:225":40,"b:110:98:110:110:110:110:110:128":41,"f:116:22:116:28":6,"b:117:24:117:Infinity:undefined:undefined:undefined:undefined":42,"s:117:24:117:Infinity":56,"s:117:43:117:Infinity":57,"s:119:24:130:Infinity":58,"b:122:36:124:Infinity:126:36:128:Infinity":43,"b:136:21:136:Infinity:137:24:140:Infinity":44,"b:146:17:146:Infinity:147:20:149:Infinity":45,"b:153:20:185:Infinity:187:20:222:Infinity":46,"b:154:25:154:Infinity:155:28:172:Infinity":47,"f:156:57:156:58":7,"s:157:57:157:Infinity":59,"s:158:59:158:Infinity":60,"s:159:55:159:Infinity":61,"s:160:56:160:Infinity":62,"s:161:37:164:Infinity":63,"b:167:34:167:Infinity:168:37:170:Infinity":48,"b:174:25:174:Infinity:175:28:183:Infinity":49,"b:179:64:179:78:179:78:179:91":50,"b:188:25:188:Infinity:189:28:199:Infinity":51,"b:194:68:194:82:194:82:194:95":52,"b:202:25:202:Infinity:203:28:220:Infinity":53,"f:204:58:204:59":8,"s:205:57:205:Infinity":64,"s:206:59:206:Infinity":65,"s:207:55:207:Infinity":66,"s:208:56:208:Infinity":67,"s:209:37:212:Infinity":68,"b:215:34:215:Infinity:216:37:218:Infinity":54,"s:235:0:235:Infinity":69}}}
[...]
"line":32,"column":26},"end":{"line":32,"column":33}}],"line":30},"5":{"loc":{"start":{"line":31,"column":27},"end":{"line":31,"column":91}},"type":"cond-expr","locations":[{"start":{"line":31,"column":52},"end":{"line":31,"column":77}},{"start":{"line":31,"column":80},"end":{"line":31,"column":91}}],"line":31},"6":{"loc":{"start":{"line":39,"column":12},"end":{"line":50,"column":null}},"type":"if","locations":[{"start":{"line":39,"column":12},"end":{"line":50,"column":null}},{"start":{"line":41,"column":19},"end":{"line":50,"column":null}}],"line":39},"7":{"loc":{"start":{"line":41,"column":19},"end":{"line":50,"column":null}},"type":"if","locations":[{"start":{"line":41,"column":19},"end":{"line":50,"column":null}},{"start":{"line":43,"column":19},"end":{"line":50,"column":null}}],"line":41},"8":{"loc":{"start":{"line":43,"column":19},"end":{"line":50,"column":null}},"type":"if","locations":[{"start":{"line":43,"column":19},"end":{"line":50,"column":null}},{"start":{"line":45,"column":19},"end":{"line":50,"column":null}}],"line":43},"9":{"loc":{"start":{"line":45,"column":19},"end":{"line":50,"column":null}},"type":"if","locations":[{"start":{"line":45,"column":19},"end":{"line":50,"column":null}},{"start":{"line":48,"column":19},"end":{"line":50,"column":null}}],"line":45},"10":{"loc":{"start":{"line":47,"column":50},"end":{"line":47,"column":67}},"type":"binary-expr","locations":[{"start":{"line":47,"column":50},"end":{"line":47,"column":60}},{"start":{"line":47,"column":64},"end":{"line":47,"column":67}}],"line":47},"11":{"loc":{"start":{"line":48,"column":19},"end":{"line":50,"column":null}},"type":"if","locations":[{"start":{"line":48,"column":19},"end":{"line":50,"column":null}},{"start":{},"end":{}}],"line":48},"12":{"loc":{"start":{"line":61,"column":12},"end":{"line":65,"column":null}},"type":"if","locations":[{"start":{"line":61,"column":12},"end":{"line":65,"column":null}},{"start":{"line":63,"column":19},"end":{"line":65,"column":null}}],"line":61},"13":{"loc":{"start":{"line":83,"column":12},"end":{"line":87,"column":null}},"type":"if","locations":[{"start":{"line":83,"column":12},"end":{"line":87,"column":null}},{"start":{"line":85,"column":19},"end":{"line":87,"column":null}}],"line":83},"14":{"loc":{"start":{"line":105,"column":12},"end":{"line":109,"column":null}},"type":"if","locations":[{"start":{"line":105,"column":12},"end":{"line":109,"column":null}},{"start":{"line":107,"column":19},"end":{"line":109,"column":null}}],"line":105},"15":{"loc":{"start":{"line":138,"column":23},"end":{"line":138,"column":38}},"type":"default-arg","locations":[{"start":{"line":138,"column":30},"end":{"line":138,"column":38}}],"line":138},"16":{"loc":{"start":{"line":140,"column":29},"end":{"line":140,"column":77}},"type":"binary-expr","locations":[{"start":{"line":140,"column":29},"end":{"line":140,"column":48}},{"start":{"line":140,"column":52},"end":{"line":140,"column":77}}],"line":140},"17":{"loc":{"start":{"line":141,"column":12},"end":{"line":141,"column":null}},"type":"if","locations":[{"start":{"line":141,"column":12},"end":{"line":141,"column":null}},{"start":{},"end":{}}],"line":141},"18":{"loc":{"start":{"line":144,"column":12},"end":{"line":146,"column":null}},"type":"if","locations":[{"start":{"line":144,"column":12},"end":{"line":146,"column":null}},{"start":{},"end":{}}],"line":144},"19":{"loc":{"start":{"line":147,"column":12},"end":{"line":149,"column":null}},"type":"if","locations":[{"start":{"line":147,"column":12},"end":{"line":149,"column":null}},{"start":{},"end":{}}],"line":147},"20":{"loc":{"start":{"line":157,"column":12},"end":{"line":181,"column":null}},"type":"if","locations":[{"start":{"line":157,"column":12},"end":{"line":181,"column":null}},{"start":{"line":169,"column":19},"end":{"line":181,"column":null}}],"line":157},"21":{"loc":{"start":{"line":169,"column":19},"end":{"line":181,"column":null}},"type":"if","locations":[{"start":{"line":169,"column":19},"end":{"line":181,"column":null}},{"start":{},"end":{}}],"line":169}},"s":{"0":1,"1":0,"2":0,"3":0,"4":0,"5":0,"6":0,"7":0,"8":0,"9":0,"10":0,"11":0,"12":0,"13":0,"14":0,"15":0,"16":0,"17":0,"18":0,"19":0,"20":0,"21":0,"22":0,"23":0,"24":0,"25":0,"26":0,"27":0,"28":0,"29":0,"30":0,"31":0,"32":0,"33":0,"34":0,"35":0,"36":0,"37":0,"38":0,"39":0,"40":0,"41":0,"42":0,"43":0,"44":0,"45":0,"46":0,"47":0,"48":0,"49":0,"50":0,"51":0,"52":0,"53":0,"54":0,"55":0,"56":0,"57":0,"58":0,"59":0,"60":0,"61":0,"62":0,"63":0,"64":0,"65":0,"66":0,"67":0,"68":1},"f":{"0":1,"1":0,"2":0,"3":0,"4":0,"5":0,"6":0,"7":0,"8":0,"9":0,"10":0},"b":{"0":[0,0],"1":[0,0],"2":[0,0],"3":[0,0],"4":[0,0],"5":[0,0],"6":[0,0],"7":[0,0],"8":[0,0],"9":[0,0],"10":[0,0],"11":[0,0],"12":[0,0],"13":[0,0],"14":[0,0],"15":[0],"16":[0,0],"17":[0,0],"18":[0,0],"19":[0,0],"20":[0,0],"21":[0,0]},"meta":{"lastBranch":22,"lastFunction":11,"lastStatement":69,"seen":{"f:10:4:10:15":0,"s:11:8:11:Infinity":0,"f:17:10:17:17":1,"s:18:8:53:Infinity":1,"s:20:32:20:80":2,"b:23:12:36:Infinity:undefined:undefined:undefined:undefined":0,"s:23:12:36:Infinity":3,"b:24:16:34:Infinity:undefined:undefined:undefined:undefined":1,"s:24:16:34:Infinity":4,"b:26:20:28:Infinity:undefined:undefined:undefined:undefined":2,"s:26:20:28:Infinity":5,"b:26:24:26:48:26:52:26:91":3,"s:27:24:27:Infinity":6,"s:30:41:32:33":7,"b:31:27:31:91:32:26:32:33":4,"b:31:52:31:77:31:80:31:91":5,"f:31:64:31:65":2,"s:31:69:31:76":8,"s:33:20:33:Infinity":9,"s:35:16:35:Infinity":10,"b:39:12:50:Infinity:41:19:50:Infinity":6,"s:39:12:50:Infinity":11,"s:40:16:40:Infinity":12,"b:41:19:50:Infinity:43:19:50:Infinity":7,"s:41:19:50:Infinity":13,"s:42:16:42:Infinity":14,"b:43:19:50:Infinity:45:19:50:Infinity":8,"s:43:19:50:Infinity":15,"s:44:16:44:Infinity":16,"b:45:19:50:Infinity:48:19:50:Infinity":9,"s:45:19:50:Infinity":17,"s:47:16:47:Infinity":18,"b:47:50:47:60:47:64:47:67":10,"b:48:19:50:Infinity:undefined:undefined:undefined:undefined":11,"s:48:19:50:Infinity":19,"s:49:16:49:Infinity":20,"f:59:10:59:23":3,"s:60:8:68:Infinity":21,"b:61:12:65:Infinity:63:19:65:Infinity":12,"s:61:12:65:Infinity":22,"s:62:16:62:Infinity":23,"s:64:16:64:Infinity":24,"f:74:4:74:18":4,"s:75:8:75:Infinity":25,"f:81:10:81:22":5,"s:82:8:90:Infinity":26,"b:83:12:87:Infinity:85:19:87:Infinity":13,"s:83:12:87:Infinity":27,"s:84:16:84:Infinity":28,"s:86:16:86:Infinity":29,"f:96:4:96:17":6,"s:97:8:97:Infinity":30,"f:103:10:103:21":7,"s:104:8:117:Infinity":31,"b:105:12:109:Infinity:107:19:109:Infinity":14,"s:105:12:109:Infinity":32,"s:106:16:106:Infinity":33,"s:108:16:108:Infinity":34,"s:116:12:116:Infinity":35,"f:123:4:123:9":8,"s:124:8:124:Infinity":36,"f:130:4:130:11":9,"s:131:8:131:Infinity":37,"f:138:4:138:22":10,"b:138:30:138:38":15,"s:139:8:184:Infinity":38,"s:140:29:140:77":39,"b:140:29:140:48:140:52:140:77":16,"b:141:12:141:Infinity:undefined:undefined:undefined:undefined":17,"s:141:12:141:Infinity":40,"s:141:27:141:Infinity":41,"b:144:12:146:Infinity:undefined:undefined:undefined:undefined":18,"s:144:12:146:Infinity":42,"s:145:16:145:Infinity":43,"b:147:12:149:Infinity:undefined:undefined:undefined:undefined":19,"s:147:12:149:Infinity":44,"s:148:16:148:Infinity":45,"s:151:24:151:56":46,"s:152:29:152:55":47,"s:154:12:154:Infinity":48,"s:155:12:155:Infinity":49,"b:157:12:181:Infinity:169:19:181:Infinity":20,"s:157:12:181:Infinity":50,"s:159:16:159:Infinity":51,"s:160:16:160:Infinity":52,"s:161:16:161:Infinity":53,"s:163:16:163:Infinity":54,"s:164:16:164:Infinity":55,"s:166:16:166:Infinity":56,"s:167:16:167:Infinity":57,"s:168:16:168:Infinity":58,"b:169:19:181:Infinity:undefined:undefined:undefined:undefined":21,"s:169:19:181:Infinity":59,"s:171:16:171:Infinity":60,"s:172:16:172:Infinity":61,"s:173:16:173:Infinity":62,"s:175:16:175:Infinity":63,"s:176:16:176:Infinity":64,"s:178:16:178:Infinity":65,"s:179:16:179:Infinity":66,"s:180:16:180:Infinity":67,"s:188:29:188:48":68}}}
,"/Users/javillinares/Documents/Antigravity/Sóc de Poble/src/normalizers/post.normalizer.js": {"path":"/Users/javillinares/Documents/Antigravity/Sóc de Poble/src/normalizers/post.normalizer.js","statementMap":{"0":{"start":{"line":8,"column":33},"end":{"line":27,"column":1}},"1":{"start":{"line":9,"column":2},"end":{"line":9,"column":null}},"2":{"start":{"line":9,"column":16},"end":{"line":9,"column":null}},"3":{"start":{"line":14,"column":4},"end":{"line":21,"column":29}},"4":{"start":{"line":23,"column":2},"end":{"line":26,"column":null}}},"fnMap":{"0":{"name":"(anonymous_0)","decl":{"start":{"line":8,"column":33},"end":{"line":8,"column":34}},"loc":{"start":{"line":8,"column":69},"end":{"line":27,"column":1}},"line":8}},"branchMap":{"0":{"loc":{"start":{"line":8,"column":43},"end":{"line":8,"column":64}},"type":"default-arg","locations":[{"start":{"line":8,"column":62},"end":{"line":8,"column":64}}],"line":8},"1":{"loc":{"start":{"line":9,"column":2},"end":{"line":9,"column":null}},"type":"if","locations":[{"start":{"line":9,"column":2},"end":{"line":9,"column":null}},{"start":{},"end":{}}],"line":9},"2":{"loc":{"start":{"line":14,"column":4},"end":{"line":21,"column":29}},"type":"binary-expr","locations":[{"start":{"line":14,"column":4},"end":{"line":14,"column":35}},{"start":{"line":15,"column":4},"end":{"line":15,"column":38}},{"start":{"line":16,"column":4},"end":{"line":16,"column":37}},{"start":{"line":17,"column":4},"end":{"line":17,"column":30}},{"start":{"line":18,"column":4},"end":{"line":18,"column":29}},{"start":{"line":19,"column":4},"end":{"line":19,"column":28}},{"start":{"line":20,"column":4},"end":{"line":20,"column":29}},{"start":{"line":21,"column":4},"end":{"line":21,"column":29}}],"line":14}},"s":{"0":1,"1":2,"2":0,"3":2,"4":2},"f":{"0":2},"b":{"0":[2],"1":[0,2],"2":[2,2,2,2,2,2,2,2]},"meta":{"lastBranch":3,"lastFunction":1,"lastStatement":5,"seen":{"s:8:33:27:1":0,"f:8:33:8:34":0,"b:8:62:8:64":0,"b:9:2:9:Infinity:undefined:undefined:undefined:undefined":1,"s:9:2:9:Infinity":1,"s:9:16:9:Infinity":2,"s:14:4:21:29":3,"b:14:4:14:35:15:4:15:38:16:4:16:37:17:4:17:30:18:4:18:29:19:4:19:28:20:4:20:29:21:4:21:29":2,"s:23:2:26:Infinity":4}}}
,"/Users/javillinares/Documents/Antigravity/Sóc de Poble/src/tests/mocks/handlers.js": {"path":"/Users/javillinares/Documents/Antigravity/Sóc de Poble/src/tests/mocks/handlers.js","statementMap":{"0":{"start":{"line":4,"column":17},"end":{"line":4,"column":45}},"1":{"start":{"line":6,"column":24},"end":{"line":93,"column":1}},"2":{"start":{"line":9,"column":17},"end":{"line":9,"column":37}},"3":{"start":{"line":11,"column":4},"end":{"line":17,"column":null}},"4":{"start":{"line":12,"column":6},"end":{"line":16,"column":null}},"5":{"start":{"line":19,"column":4},"end":{"line":22,"column":null}},"6":{"start":{"line":27,"column":4},"end":{"line":32,"column":null}},"7":{"start":{"line":37,"column":16},"end":{"line":37,"column":36}},"8":{"start":{"line":38,"column":18},"end":{"line":38,"column":55}},"9":{"start":{"line":40,"column":4},"end":{"line":57,"column":null}},"10":{"start":{"line":62,"column":17},"end":{"line":62,"column":37}},"11":{"start":{"line":64,"column":4},"end":{"line":72,"column":null}},"12":{"start":{"line":77,"column":4},"end":{"line":83,"column":null}},"13":{"start":{"line":88,"column":4},"end":{"line":91,"column":null}}},"fnMap":{"0":{"name":"(anonymous_0)","decl":{"start":{"line":8,"column":41},"end":{"line":8,"column":46}},"loc":{"start":{"line":8,"column":64},"end":{"line":23,"column":3}},"line":8},"1":{"name":"(anonymous_1)","decl":{"start":{"line":26,"column":39},"end":{"line":26,"column":40}},"loc":{"start":{"line":26,"column":45},"end":{"line":33,"column":3}},"line":26},"2":{"name":"(anonymous_2)","decl":{"start":{"line":36,"column":40},"end":{"line":36,"column":41}},"loc":{"start":{"line":36,"column":57},"end":{"line":58,"column":3}},"line":36},"3":{"name":"(anonymous_3)","decl":{"start":{"line":61,"column":53},"end":{"line":61,"column":58}},"loc":{"start":{"line":61,"column":76},"end":{"line":73,"column":3}},"line":61},"4":{"name":"(anonymous_4)","decl":{"start":{"line":76,"column":43},"end":{"line":76,"column":44}},"loc":{"start":{"line":76,"column":49},"end":{"line":84,"column":3}},"line":76},"5":{"name":"(anonymous_5)","decl":{"start":{"line":87,"column":45},"end":{"line":87,"column":46}},"loc":{"start":{"line":87,"column":51},"end":{"line":92,"column":3}},"line":87}},"branchMap":{"0":{"loc":{"start":{"line":11,"column":4},"end":{"line":17,"column":null}},"type":"if","locations":[{"start":{"line":11,"column":4},"end":{"line":17,"column":null}},{"start":{},"end":{}}],"line":11},"1":{"loc":{"start":{"line":11,"column":8},"end":{"line":11,"column":76}},"type":"binary-expr","locations":[{"start":{"line":11,"column":8},"end":{"line":11,"column":41}},{"start":{"line":11,"column":45},"end":{"line":11,"column":76}}],"line":11},"2":{"loc":{"start":{"line":38,"column":18},"end":{"line":38,"column":55}},"type":"binary-expr","locations":[{"start":{"line":38,"column":18},"end":{"line":38,"column":47}},{"start":{"line":38,"column":51},"end":{"line":38,"column":55}}],"line":38},"3":{"loc":{"start":{"line":68,"column":53},"end":{"line":68,"column":81}},"type":"binary-expr","locations":[{"start":{"line":68,"column":53},"end":{"line":68,"column":68}},{"start":{"line":68,"column":72},"end":{"line":68,"column":81}}],"line":68}},"s":{"0":3,"1":3,"2":0,"3":0,"4":0,"5":0,"6":0,"7":0,"8":0,"9":0,"10":0,"11":0,"12":0,"13":0},"f":{"0":0,"1":0,"2":0,"3":0,"4":0,"5":0},"b":{"0":[0,0],"1":[0,0],"2":[0,0],"3":[0,0]},"meta":{"lastBranch":4,"lastFunction":6,"lastStatement":14,"seen":{"s:4:17:4:45":0,"s:6:24:93:1":1,"f:8:41:8:46":0,"s:9:17:9:37":2,"b:11:4:17:Infinity:undefined:undefined:undefined:undefined":0,"s:11:4:17:Infinity":3,"b:11:8:11:41:11:45:11:76":1,"s:12:6:16:Infinity":4,"s:19:4:22:Infinity":5,"f:26:39:26:40":1,"s:27:4:32:Infinity":6,"f:36:40:36:41":2,"s:37:16:37:36":7,"s:38:18:38:55":8,"b:38:18:38:47:38:51:38:55":2,"s:40:4:57:Infinity":9,"f:61:53:61:58":3,"s:62:17:62:37":10,"s:64:4:72:Infinity":11,"b:68:53:68:68:68:72:68:81":3,"f:76:43:76:44":4,"s:77:4:83:Infinity":12,"f:87:45:87:46":5,"s:88:4:91:Infinity":13}}}
,"/Users/javillinares/Documents/Antigravity/Sóc de Poble/src/tests/mocks/server.js": {"path":"/Users/javillinares/Documents/Antigravity/Sóc de Poble/src/tests/mocks/server.js","statementMap":{"0":{"start":{"line":6,"column":21},"end":{"line":6,"column":46}}},"fnMap":{},"branchMap":{},"s":{"0":3},"f":{},"b":{},"meta":{"lastBranch":0,"lastFunction":0,"lastStatement":1,"seen":{"s:6:21:6:46":0}}}
,"/Users/javillinares/Documents/Antigravity/Sóc de Poble/src/utils/imageMap.json": {"path":"/Users/javillinares/Documents/Antigravity/Sóc de Poble/src/utils/imageMap.json","statementMap":{},"fnMap":{},"branchMap":{},"s":{},"f":{},"b":{},"meta":{"lastBranch":0,"lastFunction":0,"lastStatement":0,"seen":{}}}
,"/Users/javillinares/Documents/Antigravity/Sóc de Poble/src/utils/urlHelper.js": {"path":"/Users/javillinares/Documents/Antigravity/Sóc de Poble/src/utils/urlHelper.js","statementMap":{"0":{"start":{"line":3,"column":31},"end":{"line":46,"column":1}},"1":{"start":{"line":4,"column":4},"end":{"line":4,"column":null}},"2":{"start":{"line":4,"column":22},"end":{"line":4,"column":null}},"3":{"start":{"line":5,"column":4},"end":{"line":5,"column":null}},"4":{"start":{"line":5,"column":41},"end":{"line":5,"column":null}},"5":{"start":{"line":10,"column":4},"end":{"line":12,"column":null}},"6":{"start":{"line":11,"column":8},"end":{"line":11,"column":null}},"7":{"start":{"line":15,"column":18},"end":{"line":15,"column":40}},"8":{"start":{"line":16,"column":21},"end":{"line":16,"column":44}},"9":{"start":{"line":19,"column":4},"end":{"line":21,"column":null}},"10":{"start":{"line":20,"column":8},"end":{"line":20,"column":null}},"11":{"start":{"line":24,"column":18},"end":{"line":29,"column":6}},"12":{"start":{"line":25,"column":25},"end":{"line":25,"column":117}},"13":{"start":{"line":26,"column":22},"end":{"line":26,"column":37}},"14":{"start":{"line":27,"column":22},"end":{"line":27,"column":44}},"15":{"start":{"line":28,"column":8},"end":{"line":28,"column":null}},"16":{"start":{"line":31,"column":4},"end":{"line":33,"column":null}},"17":{"start":{"line":32,"column":8},"end":{"line":32,"column":null}},"18":{"start":{"line":36,"column":4},"end":{"line":38,"column":null}},"19":{"start":{"line":37,"column":8},"end":{"line":37,"column":null}},"20":{"start":{"line":41,"column":4},"end":{"line":43,"column":null}},"21":{"start":{"line":42,"column":8},"end":{"line":42,"column":null}},"22":{"start":{"line":45,"column":4},"end":{"line":45,"column":null}}},"fnMap":{"0":{"name":"(anonymous_0)","decl":{"start":{"line":3,"column":31},"end":{"line":3,"column":32}},"loc":{"start":{"line":3,"column":48},"end":{"line":46,"column":1}},"line":3},"1":{"name":"(anonymous_1)","decl":{"start":{"line":24,"column":45},"end":{"line":24,"column":46}},"loc":{"start":{"line":24,"column":50},"end":{"line":29,"column":5}},"line":24}},"branchMap":{"0":{"loc":{"start":{"line":4,"column":4},"end":{"line":4,"column":null}},"type":"if","locations":[{"start":{"line":4,"column":4},"end":{"line":4,"column":null}},{"start":{},"end":{}}],"line":4},"1":{"loc":{"start":{"line":5,"column":4},"end":{"line":5,"column":null}},"type":"if","locations":[{"start":{"line":5,"column":4},"end":{"line":5,"column":null}},{"start":{},"end":{}}],"line":5},"2":{"loc":{"start":{"line":10,"column":4},"end":{"line":12,"column":null}},"type":"if","locations":[{"start":{"line":10,"column":4},"end":{"line":12,"column":null}},{"start":{},"end":{}}],"line":10},"3":{"loc":{"start":{"line":19,"column":4},"end":{"line":21,"column":null}},"type":"if","locations":[{"start":{"line":19,"column":4},"end":{"line":21,"column":null}},{"start":{},"end":{}}],"line":19},"4":{"loc":{"start":{"line":28,"column":15},"end":{"line":28,"column":79}},"type":"binary-expr","locations":[{"start":{"line":28,"column":15},"end":{"line":28,"column":29}},{"start":{"line":28,"column":33},"end":{"line":28,"column":54}},{"start":{"line":28,"column":58},"end":{"line":28,"column":79}}],"line":28},"5":{"loc":{"start":{"line":31,"column":4},"end":{"line":33,"column":null}},"type":"if","locations":[{"start":{"line":31,"column":4},"end":{"line":33,"column":null}},{"start":{},"end":{}}],"line":31},"6":{"loc":{"start":{"line":36,"column":4},"end":{"line":38,"column":null}},"type":"if","locations":[{"start":{"line":36,"column":4},"end":{"line":38,"column":null}},{"start":{},"end":{}}],"line":36},"7":{"loc":{"start":{"line":41,"column":4},"end":{"line":43,"column":null}},"type":"if","locations":[{"start":{"line":41,"column":4},"end":{"line":43,"column":null}},{"start":{},"end":{}}],"line":41}},"s":{"0":1,"1":6,"2":2,"3":4,"4":0,"5":4,"6":0,"7":4,"8":4,"9":4,"10":2,"11":2,"12":168,"13":168,"14":168,"15":168,"16":2,"17":0,"18":2,"19":0,"20":2,"21":2,"22":0},"f":{"0":6,"1":168},"b":{"0":[2,4],"1":[0,4],"2":[0,4],"3":[2,2],"4":[168,168,168],"5":[0,2],"6":[0,2],"7":[2,0]},"meta":{"lastBranch":8,"lastFunction":2,"lastStatement":23,"seen":{"s:3:31:46:1":0,"f:3:31:3:32":0,"b:4:4:4:Infinity:undefined:undefined:undefined:undefined":0,"s:4:4:4:Infinity":1,"s:4:22:4:Infinity":2,"b:5:4:5:Infinity:undefined:undefined:undefined:undefined":1,"s:5:4:5:Infinity":3,"s:5:41:5:Infinity":4,"b:10:4:12:Infinity:undefined:undefined:undefined:undefined":2,"s:10:4:12:Infinity":5,"s:11:8:11:Infinity":6,"s:15:18:15:40":7,"s:16:21:16:44":8,"b:19:4:21:Infinity:undefined:undefined:undefined:undefined":3,"s:19:4:21:Infinity":9,"s:20:8:20:Infinity":10,"s:24:18:29:6":11,"f:24:45:24:46":1,"s:25:25:25:117":12,"s:26:22:26:37":13,"s:27:22:27:44":14,"s:28:8:28:Infinity":15,"b:28:15:28:29:28:33:28:54:28:58:28:79":4,"b:31:4:33:Infinity:undefined:undefined:undefined:undefined":5,"s:31:4:33:Infinity":16,"s:32:8:32:Infinity":17,"b:36:4:38:Infinity:undefined:undefined:undefined:undefined":6,"s:36:4:38:Infinity":18,"s:37:8:37:Infinity":19,"b:41:4:43:Infinity:undefined:undefined:undefined:undefined":7,"s:41:4:43:Infinity":20,"s:42:8:42:Infinity":21,"s:45:4:45:Infinity":22}}}
}
